ARM GAS  C:\Users\Lauriane\AppData\Local\Temp\ccgKj6AV.s 			page 1


   1              		.syntax unified
   2              		.cpu cortex-m4
   3              		.eabi_attribute 27, 1
   4              		.fpu fpv4-sp-d16
   5              		.eabi_attribute 20, 1
   6              		.eabi_attribute 21, 1
   7              		.eabi_attribute 23, 3
   8              		.eabi_attribute 24, 1
   9              		.eabi_attribute 25, 1
  10              		.eabi_attribute 26, 1
  11              		.eabi_attribute 30, 1
  12              		.eabi_attribute 34, 1
  13              		.eabi_attribute 18, 4
  14              		.thumb
  15              		.syntax unified
  16              		.file	"main_cm4.c"
  17              		.text
  18              	.Ltext0:
  19              		.cfi_sections	.debug_frame
  20              		.section	.text.main,"ax",%progbits
  21              		.align	2
  22              		.global	main
  23              		.thumb
  24              		.thumb_func
  25              		.type	main, %function
  26              	main:
  27              	.LFB561:
  28              		.file 1 "main_cm4.c"
   1:main_cm4.c    **** /******************************************************************************
   2:main_cm4.c    **** * File Name: main_cm4.c
   3:main_cm4.c    **** *
   4:main_cm4.c    **** ********************************************************************************/
   5:main_cm4.c    **** 
   6:main_cm4.c    **** #include "project.h"
   7:main_cm4.c    **** #include "GUI.h"
   8:main_cm4.c    **** #include "pervasive_eink_hardware_driver.h"
   9:main_cm4.c    **** #include "cy_eink_library.h"
  10:main_cm4.c    **** #include "LCDConf.h"
  11:main_cm4.c    **** #include <stdlib.h>
  12:main_cm4.c    **** #include "LCDConf.h"
  13:main_cm4.c    **** #include <stdio.h>
  14:main_cm4.c    **** #include "FreeRTOS.h"
  15:main_cm4.c    **** #include "display_task.h"
  16:main_cm4.c    **** #include "task.h"
  17:main_cm4.c    **** //#include "touch_task.h"
  18:main_cm4.c    **** #include "queue.h"
  19:main_cm4.c    **** 
  20:main_cm4.c    **** #define TASK_TOUCH_PRIORITY      (10u)
  21:main_cm4.c    **** #define TASK_DISPLAY_PRIORITY    (1u)
  22:main_cm4.c    **** #define TASK_DISPLAY_STACK_SIZE  (2048u)
  23:main_cm4.c    **** #define TASK_TOUCH_STACK_SIZE    (configMINIMAL_STACK_SIZE)
  24:main_cm4.c    **** #define TOUCH_QUEUE_LENGHT       (1u)
  25:main_cm4.c    **** 
  26:main_cm4.c    **** //void isr_bouton(void);
  27:main_cm4.c    **** 
  28:main_cm4.c    **** 
  29:main_cm4.c    **** 
ARM GAS  C:\Users\Lauriane\AppData\Local\Temp\ccgKj6AV.s 			page 2


  30:main_cm4.c    **** 
  31:main_cm4.c    **** int main(void)
  32:main_cm4.c    **** {
  29              		.loc 1 32 0
  30              		.cfi_startproc
  31              		@ Volatile: function does not return.
  32              		@ args = 0, pretend = 0, frame = 0
  33              		@ frame_needed = 0, uses_anonymous_args = 0
  34 0000 00B5     		push	{lr}
  35              		.cfi_def_cfa_offset 4
  36              		.cfi_offset 14, -4
  37 0002 83B0     		sub	sp, sp, #12
  38              		.cfi_def_cfa_offset 16
  39              	.LBB4:
  40              	.LBB5:
  41              		.file 2 "Generated_Source\\PSoC6\\pdl\\cmsis/include/cmsis_gcc.h"
   1:Generated_Source\PSoC6\pdl\cmsis/include/cmsis_gcc.h **** /**************************************************************************//**
   2:Generated_Source\PSoC6\pdl\cmsis/include/cmsis_gcc.h ****  * @file     cmsis_gcc.h
   3:Generated_Source\PSoC6\pdl\cmsis/include/cmsis_gcc.h ****  * @brief    CMSIS compiler GCC header file
   4:Generated_Source\PSoC6\pdl\cmsis/include/cmsis_gcc.h ****  * @version  V5.0.3
   5:Generated_Source\PSoC6\pdl\cmsis/include/cmsis_gcc.h ****  * @date     16. January 2018
   6:Generated_Source\PSoC6\pdl\cmsis/include/cmsis_gcc.h ****  ******************************************************************************/
   7:Generated_Source\PSoC6\pdl\cmsis/include/cmsis_gcc.h **** /*
   8:Generated_Source\PSoC6\pdl\cmsis/include/cmsis_gcc.h ****  * Copyright (c) 2009-2017 ARM Limited. All rights reserved.
   9:Generated_Source\PSoC6\pdl\cmsis/include/cmsis_gcc.h ****  *
  10:Generated_Source\PSoC6\pdl\cmsis/include/cmsis_gcc.h ****  * SPDX-License-Identifier: Apache-2.0
  11:Generated_Source\PSoC6\pdl\cmsis/include/cmsis_gcc.h ****  *
  12:Generated_Source\PSoC6\pdl\cmsis/include/cmsis_gcc.h ****  * Licensed under the Apache License, Version 2.0 (the License); you may
  13:Generated_Source\PSoC6\pdl\cmsis/include/cmsis_gcc.h ****  * not use this file except in compliance with the License.
  14:Generated_Source\PSoC6\pdl\cmsis/include/cmsis_gcc.h ****  * You may obtain a copy of the License at
  15:Generated_Source\PSoC6\pdl\cmsis/include/cmsis_gcc.h ****  *
  16:Generated_Source\PSoC6\pdl\cmsis/include/cmsis_gcc.h ****  * www.apache.org/licenses/LICENSE-2.0
  17:Generated_Source\PSoC6\pdl\cmsis/include/cmsis_gcc.h ****  *
  18:Generated_Source\PSoC6\pdl\cmsis/include/cmsis_gcc.h ****  * Unless required by applicable law or agreed to in writing, software
  19:Generated_Source\PSoC6\pdl\cmsis/include/cmsis_gcc.h ****  * distributed under the License is distributed on an AS IS BASIS, WITHOUT
  20:Generated_Source\PSoC6\pdl\cmsis/include/cmsis_gcc.h ****  * WARRANTIES OR CONDITIONS OF ANY KIND, either express or implied.
  21:Generated_Source\PSoC6\pdl\cmsis/include/cmsis_gcc.h ****  * See the License for the specific language governing permissions and
  22:Generated_Source\PSoC6\pdl\cmsis/include/cmsis_gcc.h ****  * limitations under the License.
  23:Generated_Source\PSoC6\pdl\cmsis/include/cmsis_gcc.h ****  */
  24:Generated_Source\PSoC6\pdl\cmsis/include/cmsis_gcc.h **** 
  25:Generated_Source\PSoC6\pdl\cmsis/include/cmsis_gcc.h **** #ifndef __CMSIS_GCC_H
  26:Generated_Source\PSoC6\pdl\cmsis/include/cmsis_gcc.h **** #define __CMSIS_GCC_H
  27:Generated_Source\PSoC6\pdl\cmsis/include/cmsis_gcc.h **** 
  28:Generated_Source\PSoC6\pdl\cmsis/include/cmsis_gcc.h **** /* ignore some GCC warnings */
  29:Generated_Source\PSoC6\pdl\cmsis/include/cmsis_gcc.h **** #pragma GCC diagnostic push
  30:Generated_Source\PSoC6\pdl\cmsis/include/cmsis_gcc.h **** #pragma GCC diagnostic ignored "-Wsign-conversion"
  31:Generated_Source\PSoC6\pdl\cmsis/include/cmsis_gcc.h **** #pragma GCC diagnostic ignored "-Wconversion"
  32:Generated_Source\PSoC6\pdl\cmsis/include/cmsis_gcc.h **** #pragma GCC diagnostic ignored "-Wunused-parameter"
  33:Generated_Source\PSoC6\pdl\cmsis/include/cmsis_gcc.h **** 
  34:Generated_Source\PSoC6\pdl\cmsis/include/cmsis_gcc.h **** /* Fallback for __has_builtin */
  35:Generated_Source\PSoC6\pdl\cmsis/include/cmsis_gcc.h **** #ifndef __has_builtin
  36:Generated_Source\PSoC6\pdl\cmsis/include/cmsis_gcc.h ****   #define __has_builtin(x) (0)
  37:Generated_Source\PSoC6\pdl\cmsis/include/cmsis_gcc.h **** #endif
  38:Generated_Source\PSoC6\pdl\cmsis/include/cmsis_gcc.h **** 
  39:Generated_Source\PSoC6\pdl\cmsis/include/cmsis_gcc.h **** /* CMSIS compiler specific defines */
  40:Generated_Source\PSoC6\pdl\cmsis/include/cmsis_gcc.h **** #ifndef   __ASM
  41:Generated_Source\PSoC6\pdl\cmsis/include/cmsis_gcc.h ****   #define __ASM                                  __asm
ARM GAS  C:\Users\Lauriane\AppData\Local\Temp\ccgKj6AV.s 			page 3


  42:Generated_Source\PSoC6\pdl\cmsis/include/cmsis_gcc.h **** #endif
  43:Generated_Source\PSoC6\pdl\cmsis/include/cmsis_gcc.h **** #ifndef   __INLINE
  44:Generated_Source\PSoC6\pdl\cmsis/include/cmsis_gcc.h ****   #define __INLINE                               inline
  45:Generated_Source\PSoC6\pdl\cmsis/include/cmsis_gcc.h **** #endif
  46:Generated_Source\PSoC6\pdl\cmsis/include/cmsis_gcc.h **** #ifndef   __STATIC_INLINE
  47:Generated_Source\PSoC6\pdl\cmsis/include/cmsis_gcc.h ****   #define __STATIC_INLINE                        static inline
  48:Generated_Source\PSoC6\pdl\cmsis/include/cmsis_gcc.h **** #endif
  49:Generated_Source\PSoC6\pdl\cmsis/include/cmsis_gcc.h **** #ifndef   __STATIC_FORCEINLINE                 
  50:Generated_Source\PSoC6\pdl\cmsis/include/cmsis_gcc.h ****   #define __STATIC_FORCEINLINE                   __attribute__((always_inline)) static inline
  51:Generated_Source\PSoC6\pdl\cmsis/include/cmsis_gcc.h **** #endif                                           
  52:Generated_Source\PSoC6\pdl\cmsis/include/cmsis_gcc.h **** #ifndef   __NO_RETURN
  53:Generated_Source\PSoC6\pdl\cmsis/include/cmsis_gcc.h ****   #define __NO_RETURN                            __attribute__((__noreturn__))
  54:Generated_Source\PSoC6\pdl\cmsis/include/cmsis_gcc.h **** #endif
  55:Generated_Source\PSoC6\pdl\cmsis/include/cmsis_gcc.h **** #ifndef   __USED
  56:Generated_Source\PSoC6\pdl\cmsis/include/cmsis_gcc.h ****   #define __USED                                 __attribute__((used))
  57:Generated_Source\PSoC6\pdl\cmsis/include/cmsis_gcc.h **** #endif
  58:Generated_Source\PSoC6\pdl\cmsis/include/cmsis_gcc.h **** #ifndef   __WEAK
  59:Generated_Source\PSoC6\pdl\cmsis/include/cmsis_gcc.h ****   #define __WEAK                                 __attribute__((weak))
  60:Generated_Source\PSoC6\pdl\cmsis/include/cmsis_gcc.h **** #endif
  61:Generated_Source\PSoC6\pdl\cmsis/include/cmsis_gcc.h **** #ifndef   __PACKED
  62:Generated_Source\PSoC6\pdl\cmsis/include/cmsis_gcc.h ****   #define __PACKED                               __attribute__((packed, aligned(1)))
  63:Generated_Source\PSoC6\pdl\cmsis/include/cmsis_gcc.h **** #endif
  64:Generated_Source\PSoC6\pdl\cmsis/include/cmsis_gcc.h **** #ifndef   __PACKED_STRUCT
  65:Generated_Source\PSoC6\pdl\cmsis/include/cmsis_gcc.h ****   #define __PACKED_STRUCT                        struct __attribute__((packed, aligned(1)))
  66:Generated_Source\PSoC6\pdl\cmsis/include/cmsis_gcc.h **** #endif
  67:Generated_Source\PSoC6\pdl\cmsis/include/cmsis_gcc.h **** #ifndef   __PACKED_UNION
  68:Generated_Source\PSoC6\pdl\cmsis/include/cmsis_gcc.h ****   #define __PACKED_UNION                         union __attribute__((packed, aligned(1)))
  69:Generated_Source\PSoC6\pdl\cmsis/include/cmsis_gcc.h **** #endif
  70:Generated_Source\PSoC6\pdl\cmsis/include/cmsis_gcc.h **** #ifndef   __UNALIGNED_UINT32        /* deprecated */
  71:Generated_Source\PSoC6\pdl\cmsis/include/cmsis_gcc.h ****   #pragma GCC diagnostic push
  72:Generated_Source\PSoC6\pdl\cmsis/include/cmsis_gcc.h ****   #pragma GCC diagnostic ignored "-Wpacked"
  73:Generated_Source\PSoC6\pdl\cmsis/include/cmsis_gcc.h ****   #pragma GCC diagnostic ignored "-Wattributes"
  74:Generated_Source\PSoC6\pdl\cmsis/include/cmsis_gcc.h ****   struct __attribute__((packed)) T_UINT32 { uint32_t v; };
  75:Generated_Source\PSoC6\pdl\cmsis/include/cmsis_gcc.h ****   #pragma GCC diagnostic pop
  76:Generated_Source\PSoC6\pdl\cmsis/include/cmsis_gcc.h ****   #define __UNALIGNED_UINT32(x)                  (((struct T_UINT32 *)(x))->v)
  77:Generated_Source\PSoC6\pdl\cmsis/include/cmsis_gcc.h **** #endif
  78:Generated_Source\PSoC6\pdl\cmsis/include/cmsis_gcc.h **** #ifndef   __UNALIGNED_UINT16_WRITE
  79:Generated_Source\PSoC6\pdl\cmsis/include/cmsis_gcc.h ****   #pragma GCC diagnostic push
  80:Generated_Source\PSoC6\pdl\cmsis/include/cmsis_gcc.h ****   #pragma GCC diagnostic ignored "-Wpacked"
  81:Generated_Source\PSoC6\pdl\cmsis/include/cmsis_gcc.h ****   #pragma GCC diagnostic ignored "-Wattributes"
  82:Generated_Source\PSoC6\pdl\cmsis/include/cmsis_gcc.h ****   __PACKED_STRUCT T_UINT16_WRITE { uint16_t v; };
  83:Generated_Source\PSoC6\pdl\cmsis/include/cmsis_gcc.h ****   #pragma GCC diagnostic pop
  84:Generated_Source\PSoC6\pdl\cmsis/include/cmsis_gcc.h ****   #define __UNALIGNED_UINT16_WRITE(addr, val)    (void)((((struct T_UINT16_WRITE *)(void *)(addr))-
  85:Generated_Source\PSoC6\pdl\cmsis/include/cmsis_gcc.h **** #endif
  86:Generated_Source\PSoC6\pdl\cmsis/include/cmsis_gcc.h **** #ifndef   __UNALIGNED_UINT16_READ
  87:Generated_Source\PSoC6\pdl\cmsis/include/cmsis_gcc.h ****   #pragma GCC diagnostic push
  88:Generated_Source\PSoC6\pdl\cmsis/include/cmsis_gcc.h ****   #pragma GCC diagnostic ignored "-Wpacked"
  89:Generated_Source\PSoC6\pdl\cmsis/include/cmsis_gcc.h ****   #pragma GCC diagnostic ignored "-Wattributes"
  90:Generated_Source\PSoC6\pdl\cmsis/include/cmsis_gcc.h ****   __PACKED_STRUCT T_UINT16_READ { uint16_t v; };
  91:Generated_Source\PSoC6\pdl\cmsis/include/cmsis_gcc.h ****   #pragma GCC diagnostic pop
  92:Generated_Source\PSoC6\pdl\cmsis/include/cmsis_gcc.h ****   #define __UNALIGNED_UINT16_READ(addr)          (((const struct T_UINT16_READ *)(const void *)(add
  93:Generated_Source\PSoC6\pdl\cmsis/include/cmsis_gcc.h **** #endif
  94:Generated_Source\PSoC6\pdl\cmsis/include/cmsis_gcc.h **** #ifndef   __UNALIGNED_UINT32_WRITE
  95:Generated_Source\PSoC6\pdl\cmsis/include/cmsis_gcc.h ****   #pragma GCC diagnostic push
  96:Generated_Source\PSoC6\pdl\cmsis/include/cmsis_gcc.h ****   #pragma GCC diagnostic ignored "-Wpacked"
  97:Generated_Source\PSoC6\pdl\cmsis/include/cmsis_gcc.h ****   #pragma GCC diagnostic ignored "-Wattributes"
  98:Generated_Source\PSoC6\pdl\cmsis/include/cmsis_gcc.h ****   __PACKED_STRUCT T_UINT32_WRITE { uint32_t v; };
ARM GAS  C:\Users\Lauriane\AppData\Local\Temp\ccgKj6AV.s 			page 4


  99:Generated_Source\PSoC6\pdl\cmsis/include/cmsis_gcc.h ****   #pragma GCC diagnostic pop
 100:Generated_Source\PSoC6\pdl\cmsis/include/cmsis_gcc.h ****   #define __UNALIGNED_UINT32_WRITE(addr, val)    (void)((((struct T_UINT32_WRITE *)(void *)(addr))-
 101:Generated_Source\PSoC6\pdl\cmsis/include/cmsis_gcc.h **** #endif
 102:Generated_Source\PSoC6\pdl\cmsis/include/cmsis_gcc.h **** #ifndef   __UNALIGNED_UINT32_READ
 103:Generated_Source\PSoC6\pdl\cmsis/include/cmsis_gcc.h ****   #pragma GCC diagnostic push
 104:Generated_Source\PSoC6\pdl\cmsis/include/cmsis_gcc.h ****   #pragma GCC diagnostic ignored "-Wpacked"
 105:Generated_Source\PSoC6\pdl\cmsis/include/cmsis_gcc.h ****   #pragma GCC diagnostic ignored "-Wattributes"
 106:Generated_Source\PSoC6\pdl\cmsis/include/cmsis_gcc.h ****   __PACKED_STRUCT T_UINT32_READ { uint32_t v; };
 107:Generated_Source\PSoC6\pdl\cmsis/include/cmsis_gcc.h ****   #pragma GCC diagnostic pop
 108:Generated_Source\PSoC6\pdl\cmsis/include/cmsis_gcc.h ****   #define __UNALIGNED_UINT32_READ(addr)          (((const struct T_UINT32_READ *)(const void *)(add
 109:Generated_Source\PSoC6\pdl\cmsis/include/cmsis_gcc.h **** #endif
 110:Generated_Source\PSoC6\pdl\cmsis/include/cmsis_gcc.h **** #ifndef   __ALIGNED
 111:Generated_Source\PSoC6\pdl\cmsis/include/cmsis_gcc.h ****   #define __ALIGNED(x)                           __attribute__((aligned(x)))
 112:Generated_Source\PSoC6\pdl\cmsis/include/cmsis_gcc.h **** #endif
 113:Generated_Source\PSoC6\pdl\cmsis/include/cmsis_gcc.h **** #ifndef   __RESTRICT
 114:Generated_Source\PSoC6\pdl\cmsis/include/cmsis_gcc.h ****   #define __RESTRICT                             __restrict
 115:Generated_Source\PSoC6\pdl\cmsis/include/cmsis_gcc.h **** #endif
 116:Generated_Source\PSoC6\pdl\cmsis/include/cmsis_gcc.h **** 
 117:Generated_Source\PSoC6\pdl\cmsis/include/cmsis_gcc.h **** 
 118:Generated_Source\PSoC6\pdl\cmsis/include/cmsis_gcc.h **** /* ###########################  Core Function Access  ########################### */
 119:Generated_Source\PSoC6\pdl\cmsis/include/cmsis_gcc.h **** /** \ingroup  CMSIS_Core_FunctionInterface
 120:Generated_Source\PSoC6\pdl\cmsis/include/cmsis_gcc.h ****     \defgroup CMSIS_Core_RegAccFunctions CMSIS Core Register Access Functions
 121:Generated_Source\PSoC6\pdl\cmsis/include/cmsis_gcc.h ****   @{
 122:Generated_Source\PSoC6\pdl\cmsis/include/cmsis_gcc.h ****  */
 123:Generated_Source\PSoC6\pdl\cmsis/include/cmsis_gcc.h **** 
 124:Generated_Source\PSoC6\pdl\cmsis/include/cmsis_gcc.h **** /**
 125:Generated_Source\PSoC6\pdl\cmsis/include/cmsis_gcc.h ****   \brief   Enable IRQ Interrupts
 126:Generated_Source\PSoC6\pdl\cmsis/include/cmsis_gcc.h ****   \details Enables IRQ interrupts by clearing the I-bit in the CPSR.
 127:Generated_Source\PSoC6\pdl\cmsis/include/cmsis_gcc.h ****            Can only be executed in Privileged modes.
 128:Generated_Source\PSoC6\pdl\cmsis/include/cmsis_gcc.h ****  */
 129:Generated_Source\PSoC6\pdl\cmsis/include/cmsis_gcc.h **** __STATIC_FORCEINLINE void __enable_irq(void)
 130:Generated_Source\PSoC6\pdl\cmsis/include/cmsis_gcc.h **** {
 131:Generated_Source\PSoC6\pdl\cmsis/include/cmsis_gcc.h ****   __ASM volatile ("cpsie i" : : : "memory");
  42              		.loc 2 131 0
  43              		.syntax unified
  44              	@ 131 "Generated_Source\PSoC6\pdl\cmsis/include/cmsis_gcc.h" 1
  45 0004 62B6     		cpsie i
  46              	@ 0 "" 2
  47              		.thumb
  48              		.syntax unified
  49              	.LBE5:
  50              	.LBE4:
  33:main_cm4.c    ****     
  34:main_cm4.c    ****     __enable_irq(); /* Enable global interrupts. */
  35:main_cm4.c    ****     
  36:main_cm4.c    ****     CapSense_Start();
  51              		.loc 1 36 0
  52 0006 FFF7FEFF 		bl	CapSense_Start
  53              	.LVL0:
  37:main_cm4.c    ****     CapSense_ScanAllWidgets();
  54              		.loc 1 37 0
  55 000a FFF7FEFF 		bl	CapSense_ScanAllWidgets
  56              	.LVL1:
  38:main_cm4.c    ****     
  39:main_cm4.c    ****     xTaskCreate(capSense_Task,"capSense_task",400,NULL,1,0);
  57              		.loc 1 39 0
  58 000e 0024     		movs	r4, #0
ARM GAS  C:\Users\Lauriane\AppData\Local\Temp\ccgKj6AV.s 			page 5


  59 0010 0194     		str	r4, [sp, #4]
  60 0012 0125     		movs	r5, #1
  61 0014 0095     		str	r5, [sp]
  62 0016 2346     		mov	r3, r4
  63 0018 4FF4C872 		mov	r2, #400
  64 001c 0949     		ldr	r1, .L5
  65 001e 0A48     		ldr	r0, .L5+4
  66 0020 FFF7FEFF 		bl	xTaskCreate
  67              	.LVL2:
  40:main_cm4.c    ****     xTaskCreate(Task_Display, "Display task", 400,NULL, 1, NULL);
  68              		.loc 1 40 0
  69 0024 0194     		str	r4, [sp, #4]
  70 0026 0095     		str	r5, [sp]
  71 0028 2346     		mov	r3, r4
  72 002a 4FF4C872 		mov	r2, #400
  73 002e 0749     		ldr	r1, .L5+8
  74 0030 0748     		ldr	r0, .L5+12
  75 0032 FFF7FEFF 		bl	xTaskCreate
  76              	.LVL3:
  41:main_cm4.c    ****   
  42:main_cm4.c    ****     
  43:main_cm4.c    ****     vTaskStartScheduler();
  77              		.loc 1 43 0
  78 0036 FFF7FEFF 		bl	vTaskStartScheduler
  79              	.LVL4:
  80              	.L2:
  44:main_cm4.c    ****     while(CapSense_IsBusy());
  81              		.loc 1 44 0 discriminator 1
  82 003a FFF7FEFF 		bl	CapSense_IsBusy
  83              	.LVL5:
  84 003e 0028     		cmp	r0, #0
  85 0040 FBD1     		bne	.L2
  86              	.L3:
  87 0042 FEE7     		b	.L3
  88              	.L6:
  89              		.align	2
  90              	.L5:
  91 0044 00000000 		.word	.LC0
  92 0048 00000000 		.word	capSense_Task
  93 004c 10000000 		.word	.LC1
  94 0050 00000000 		.word	Task_Display
  95              		.cfi_endproc
  96              	.LFE561:
  97              		.size	main, .-main
  98              		.section	.rodata.str1.4,"aMS",%progbits,1
  99              		.align	2
 100              	.LC0:
 101 0000 63617053 		.ascii	"capSense_task\000"
 101      656E7365 
 101      5F746173 
 101      6B00
 102 000e 0000     		.space	2
 103              	.LC1:
 104 0010 44697370 		.ascii	"Display task\000"
 104      6C617920 
 104      7461736B 
 104      00
ARM GAS  C:\Users\Lauriane\AppData\Local\Temp\ccgKj6AV.s 			page 6


 105              		.text
 106              	.Letext0:
 107              		.file 3 "c:\\program files (x86)\\cypress\\psoc creator\\4.4\\psoc creator\\import\\gnu\\arm\\5.4.
 108              		.file 4 "c:\\program files (x86)\\cypress\\psoc creator\\4.4\\psoc creator\\import\\gnu\\arm\\5.4.
 109              		.file 5 "Generated_Source\\PSoC6\\pdl\\drivers/peripheral/device/cy_device.h"
 110              		.file 6 "Generated_Source\\PSoC6\\pdl\\drivers/peripheral/scb/cy_scb_spi.h"
 111              		.file 7 "Generated_Source\\PSoC6\\pdl\\drivers/peripheral/tcpwm/cy_tcpwm_counter.h"
 112              		.file 8 "Generated_Source\\PSoC6\\pdl\\cmsis/include/core_cm4.h"
 113              		.file 9 "Generated_Source\\PSoC6/CY_EINK_SPIM.h"
 114              		.file 10 "Generated_Source\\PSoC6/CY_EINK_Timer.h"
 115              		.file 11 "Generated_Source\\PSoC6/CapSense_Control.h"
 116              		.file 12 "Generated_Source\\PSoC6/CapSense_Sensing.h"
 117              		.file 13 "Generated_Source\\PSoC6\\pdl\\rtos/FreeRTOS/10.0.1/Source/include/task.h"
 118              		.section	.debug_info,"",%progbits
 119              	.Ldebug_info0:
 120 0000 FF070000 		.4byte	0x7ff
 121 0004 0400     		.2byte	0x4
 122 0006 00000000 		.4byte	.Ldebug_abbrev0
 123 000a 04       		.byte	0x4
 124 000b 01       		.uleb128 0x1
 125 000c 7E050000 		.4byte	.LASF154
 126 0010 0C       		.byte	0xc
 127 0011 C6090000 		.4byte	.LASF155
 128 0015 99070000 		.4byte	.LASF156
 129 0019 00000000 		.4byte	.Ldebug_ranges0+0
 130 001d 00000000 		.4byte	0
 131 0021 00000000 		.4byte	.Ldebug_line0
 132 0025 02       		.uleb128 0x2
 133 0026 02       		.byte	0x2
 134 0027 05       		.byte	0x5
 135 0028 73040000 		.4byte	.LASF0
 136 002c 02       		.uleb128 0x2
 137 002d 01       		.byte	0x1
 138 002e 06       		.byte	0x6
 139 002f 9B090000 		.4byte	.LASF1
 140 0033 03       		.uleb128 0x3
 141 0034 A1000000 		.4byte	.LASF3
 142 0038 03       		.byte	0x3
 143 0039 1D       		.byte	0x1d
 144 003a 3E000000 		.4byte	0x3e
 145 003e 02       		.uleb128 0x2
 146 003f 01       		.byte	0x1
 147 0040 08       		.byte	0x8
 148 0041 93060000 		.4byte	.LASF2
 149 0045 03       		.uleb128 0x3
 150 0046 3A030000 		.4byte	.LASF4
 151 004a 03       		.byte	0x3
 152 004b 29       		.byte	0x29
 153 004c 25000000 		.4byte	0x25
 154 0050 03       		.uleb128 0x3
 155 0051 13080000 		.4byte	.LASF5
 156 0055 03       		.byte	0x3
 157 0056 2B       		.byte	0x2b
 158 0057 5B000000 		.4byte	0x5b
 159 005b 02       		.uleb128 0x2
 160 005c 02       		.byte	0x2
 161 005d 07       		.byte	0x7
ARM GAS  C:\Users\Lauriane\AppData\Local\Temp\ccgKj6AV.s 			page 7


 162 005e 7E080000 		.4byte	.LASF6
 163 0062 03       		.uleb128 0x3
 164 0063 31080000 		.4byte	.LASF7
 165 0067 03       		.byte	0x3
 166 0068 3F       		.byte	0x3f
 167 0069 6D000000 		.4byte	0x6d
 168 006d 02       		.uleb128 0x2
 169 006e 04       		.byte	0x4
 170 006f 05       		.byte	0x5
 171 0070 68020000 		.4byte	.LASF8
 172 0074 03       		.uleb128 0x3
 173 0075 0B030000 		.4byte	.LASF9
 174 0079 03       		.byte	0x3
 175 007a 41       		.byte	0x41
 176 007b 7F000000 		.4byte	0x7f
 177 007f 02       		.uleb128 0x2
 178 0080 04       		.byte	0x4
 179 0081 07       		.byte	0x7
 180 0082 CA030000 		.4byte	.LASF10
 181 0086 02       		.uleb128 0x2
 182 0087 08       		.byte	0x8
 183 0088 05       		.byte	0x5
 184 0089 B2010000 		.4byte	.LASF11
 185 008d 02       		.uleb128 0x2
 186 008e 08       		.byte	0x8
 187 008f 07       		.byte	0x7
 188 0090 1A010000 		.4byte	.LASF12
 189 0094 04       		.uleb128 0x4
 190 0095 04       		.byte	0x4
 191 0096 05       		.byte	0x5
 192 0097 696E7400 		.ascii	"int\000"
 193 009b 02       		.uleb128 0x2
 194 009c 04       		.byte	0x4
 195 009d 07       		.byte	0x7
 196 009e AB030000 		.4byte	.LASF13
 197 00a2 03       		.uleb128 0x3
 198 00a3 1F090000 		.4byte	.LASF14
 199 00a7 04       		.byte	0x4
 200 00a8 18       		.byte	0x18
 201 00a9 33000000 		.4byte	0x33
 202 00ad 03       		.uleb128 0x3
 203 00ae AA010000 		.4byte	.LASF15
 204 00b2 04       		.byte	0x4
 205 00b3 20       		.byte	0x20
 206 00b4 45000000 		.4byte	0x45
 207 00b8 03       		.uleb128 0x3
 208 00b9 99020000 		.4byte	.LASF16
 209 00bd 04       		.byte	0x4
 210 00be 24       		.byte	0x24
 211 00bf 50000000 		.4byte	0x50
 212 00c3 03       		.uleb128 0x3
 213 00c4 8B060000 		.4byte	.LASF17
 214 00c8 04       		.byte	0x4
 215 00c9 2C       		.byte	0x2c
 216 00ca 62000000 		.4byte	0x62
 217 00ce 03       		.uleb128 0x3
 218 00cf D6080000 		.4byte	.LASF18
ARM GAS  C:\Users\Lauriane\AppData\Local\Temp\ccgKj6AV.s 			page 8


 219 00d3 04       		.byte	0x4
 220 00d4 30       		.byte	0x30
 221 00d5 74000000 		.4byte	0x74
 222 00d9 02       		.uleb128 0x2
 223 00da 04       		.byte	0x4
 224 00db 07       		.byte	0x7
 225 00dc DF040000 		.4byte	.LASF19
 226 00e0 05       		.uleb128 0x5
 227 00e1 CE000000 		.4byte	0xce
 228 00e5 02       		.uleb128 0x2
 229 00e6 08       		.byte	0x8
 230 00e7 04       		.byte	0x4
 231 00e8 F3040000 		.4byte	.LASF20
 232 00ec 06       		.uleb128 0x6
 233 00ed B8       		.byte	0xb8
 234 00ee 05       		.byte	0x5
 235 00ef 34       		.byte	0x34
 236 00f0 FD040000 		.4byte	0x4fd
 237 00f4 07       		.uleb128 0x7
 238 00f5 F0000000 		.4byte	.LASF21
 239 00f9 05       		.byte	0x5
 240 00fa 37       		.byte	0x37
 241 00fb CE000000 		.4byte	0xce
 242 00ff 00       		.byte	0
 243 0100 07       		.uleb128 0x7
 244 0101 00030000 		.4byte	.LASF22
 245 0105 05       		.byte	0x5
 246 0106 38       		.byte	0x38
 247 0107 CE000000 		.4byte	0xce
 248 010b 04       		.byte	0x4
 249 010c 07       		.uleb128 0x7
 250 010d 7F020000 		.4byte	.LASF23
 251 0111 05       		.byte	0x5
 252 0112 39       		.byte	0x39
 253 0113 CE000000 		.4byte	0xce
 254 0117 08       		.byte	0x8
 255 0118 07       		.uleb128 0x7
 256 0119 74060000 		.4byte	.LASF24
 257 011d 05       		.byte	0x5
 258 011e 3A       		.byte	0x3a
 259 011f CE000000 		.4byte	0xce
 260 0123 0C       		.byte	0xc
 261 0124 07       		.uleb128 0x7
 262 0125 7D040000 		.4byte	.LASF25
 263 0129 05       		.byte	0x5
 264 012a 3B       		.byte	0x3b
 265 012b CE000000 		.4byte	0xce
 266 012f 10       		.byte	0x10
 267 0130 07       		.uleb128 0x7
 268 0131 5E020000 		.4byte	.LASF26
 269 0135 05       		.byte	0x5
 270 0136 3C       		.byte	0x3c
 271 0137 CE000000 		.4byte	0xce
 272 013b 14       		.byte	0x14
 273 013c 07       		.uleb128 0x7
 274 013d BF080000 		.4byte	.LASF27
 275 0141 05       		.byte	0x5
ARM GAS  C:\Users\Lauriane\AppData\Local\Temp\ccgKj6AV.s 			page 9


 276 0142 3D       		.byte	0x3d
 277 0143 CE000000 		.4byte	0xce
 278 0147 18       		.byte	0x18
 279 0148 07       		.uleb128 0x7
 280 0149 7C000000 		.4byte	.LASF28
 281 014d 05       		.byte	0x5
 282 014e 3E       		.byte	0x3e
 283 014f CE000000 		.4byte	0xce
 284 0153 1C       		.byte	0x1c
 285 0154 07       		.uleb128 0x7
 286 0155 A7090000 		.4byte	.LASF29
 287 0159 05       		.byte	0x5
 288 015a 3F       		.byte	0x3f
 289 015b CE000000 		.4byte	0xce
 290 015f 20       		.byte	0x20
 291 0160 07       		.uleb128 0x7
 292 0161 AC040000 		.4byte	.LASF30
 293 0165 05       		.byte	0x5
 294 0166 40       		.byte	0x40
 295 0167 CE000000 		.4byte	0xce
 296 016b 24       		.byte	0x24
 297 016c 07       		.uleb128 0x7
 298 016d D1090000 		.4byte	.LASF31
 299 0171 05       		.byte	0x5
 300 0172 43       		.byte	0x43
 301 0173 A2000000 		.4byte	0xa2
 302 0177 28       		.byte	0x28
 303 0178 07       		.uleb128 0x7
 304 0179 5F000000 		.4byte	.LASF32
 305 017d 05       		.byte	0x5
 306 017e 44       		.byte	0x44
 307 017f A2000000 		.4byte	0xa2
 308 0183 29       		.byte	0x29
 309 0184 07       		.uleb128 0x7
 310 0185 3B080000 		.4byte	.LASF33
 311 0189 05       		.byte	0x5
 312 018a 45       		.byte	0x45
 313 018b A2000000 		.4byte	0xa2
 314 018f 2A       		.byte	0x2a
 315 0190 07       		.uleb128 0x7
 316 0191 56050000 		.4byte	.LASF34
 317 0195 05       		.byte	0x5
 318 0196 46       		.byte	0x46
 319 0197 A2000000 		.4byte	0xa2
 320 019b 2B       		.byte	0x2b
 321 019c 07       		.uleb128 0x7
 322 019d 3E040000 		.4byte	.LASF35
 323 01a1 05       		.byte	0x5
 324 01a2 47       		.byte	0x47
 325 01a3 A2000000 		.4byte	0xa2
 326 01a7 2C       		.byte	0x2c
 327 01a8 07       		.uleb128 0x7
 328 01a9 45080000 		.4byte	.LASF36
 329 01ad 05       		.byte	0x5
 330 01ae 48       		.byte	0x48
 331 01af A2000000 		.4byte	0xa2
 332 01b3 2D       		.byte	0x2d
ARM GAS  C:\Users\Lauriane\AppData\Local\Temp\ccgKj6AV.s 			page 10


 333 01b4 07       		.uleb128 0x7
 334 01b5 20020000 		.4byte	.LASF37
 335 01b9 05       		.byte	0x5
 336 01ba 49       		.byte	0x49
 337 01bb A2000000 		.4byte	0xa2
 338 01bf 2E       		.byte	0x2e
 339 01c0 07       		.uleb128 0x7
 340 01c1 B7040000 		.4byte	.LASF38
 341 01c5 05       		.byte	0x5
 342 01c6 4A       		.byte	0x4a
 343 01c7 A2000000 		.4byte	0xa2
 344 01cb 2F       		.byte	0x2f
 345 01cc 07       		.uleb128 0x7
 346 01cd 2E050000 		.4byte	.LASF39
 347 01d1 05       		.byte	0x5
 348 01d2 4B       		.byte	0x4b
 349 01d3 A2000000 		.4byte	0xa2
 350 01d7 30       		.byte	0x30
 351 01d8 07       		.uleb128 0x7
 352 01d9 DC030000 		.4byte	.LASF40
 353 01dd 05       		.byte	0x5
 354 01de 4E       		.byte	0x4e
 355 01df A2000000 		.4byte	0xa2
 356 01e3 31       		.byte	0x31
 357 01e4 07       		.uleb128 0x7
 358 01e5 93000000 		.4byte	.LASF41
 359 01e9 05       		.byte	0x5
 360 01ea 4F       		.byte	0x4f
 361 01eb A2000000 		.4byte	0xa2
 362 01ef 32       		.byte	0x32
 363 01f0 07       		.uleb128 0x7
 364 01f1 E7030000 		.4byte	.LASF42
 365 01f5 05       		.byte	0x5
 366 01f6 50       		.byte	0x50
 367 01f7 A2000000 		.4byte	0xa2
 368 01fb 33       		.byte	0x33
 369 01fc 07       		.uleb128 0x7
 370 01fd AB000000 		.4byte	.LASF43
 371 0201 05       		.byte	0x5
 372 0202 51       		.byte	0x51
 373 0203 A2000000 		.4byte	0xa2
 374 0207 34       		.byte	0x34
 375 0208 07       		.uleb128 0x7
 376 0209 B2080000 		.4byte	.LASF44
 377 020d 05       		.byte	0x5
 378 020e 52       		.byte	0x52
 379 020f AD000000 		.4byte	0xad
 380 0213 36       		.byte	0x36
 381 0214 07       		.uleb128 0x7
 382 0215 4A070000 		.4byte	.LASF45
 383 0219 05       		.byte	0x5
 384 021a 53       		.byte	0x53
 385 021b AD000000 		.4byte	0xad
 386 021f 38       		.byte	0x38
 387 0220 07       		.uleb128 0x7
 388 0221 FA080000 		.4byte	.LASF46
 389 0225 05       		.byte	0x5
ARM GAS  C:\Users\Lauriane\AppData\Local\Temp\ccgKj6AV.s 			page 11


 390 0226 54       		.byte	0x54
 391 0227 AD000000 		.4byte	0xad
 392 022b 3A       		.byte	0x3a
 393 022c 07       		.uleb128 0x7
 394 022d 8C090000 		.4byte	.LASF47
 395 0231 05       		.byte	0x5
 396 0232 55       		.byte	0x55
 397 0233 A2000000 		.4byte	0xa2
 398 0237 3C       		.byte	0x3c
 399 0238 07       		.uleb128 0x7
 400 0239 BE020000 		.4byte	.LASF48
 401 023d 05       		.byte	0x5
 402 023e 56       		.byte	0x56
 403 023f A2000000 		.4byte	0xa2
 404 0243 3D       		.byte	0x3d
 405 0244 07       		.uleb128 0x7
 406 0245 2C070000 		.4byte	.LASF49
 407 0249 05       		.byte	0x5
 408 024a 57       		.byte	0x57
 409 024b A2000000 		.4byte	0xa2
 410 024f 3E       		.byte	0x3e
 411 0250 07       		.uleb128 0x7
 412 0251 01010000 		.4byte	.LASF50
 413 0255 05       		.byte	0x5
 414 0256 58       		.byte	0x58
 415 0257 A2000000 		.4byte	0xa2
 416 025b 3F       		.byte	0x3f
 417 025c 07       		.uleb128 0x7
 418 025d 64050000 		.4byte	.LASF51
 419 0261 05       		.byte	0x5
 420 0262 59       		.byte	0x59
 421 0263 A2000000 		.4byte	0xa2
 422 0267 40       		.byte	0x40
 423 0268 07       		.uleb128 0x7
 424 0269 16030000 		.4byte	.LASF52
 425 026d 05       		.byte	0x5
 426 026e 5A       		.byte	0x5a
 427 026f A2000000 		.4byte	0xa2
 428 0273 41       		.byte	0x41
 429 0274 07       		.uleb128 0x7
 430 0275 22050000 		.4byte	.LASF53
 431 0279 05       		.byte	0x5
 432 027a 5B       		.byte	0x5b
 433 027b A2000000 		.4byte	0xa2
 434 027f 42       		.byte	0x42
 435 0280 07       		.uleb128 0x7
 436 0281 4B050000 		.4byte	.LASF54
 437 0285 05       		.byte	0x5
 438 0286 5C       		.byte	0x5c
 439 0287 A2000000 		.4byte	0xa2
 440 028b 43       		.byte	0x43
 441 028c 07       		.uleb128 0x7
 442 028d 88020000 		.4byte	.LASF55
 443 0291 05       		.byte	0x5
 444 0292 5D       		.byte	0x5d
 445 0293 A2000000 		.4byte	0xa2
 446 0297 44       		.byte	0x44
ARM GAS  C:\Users\Lauriane\AppData\Local\Temp\ccgKj6AV.s 			page 12


 447 0298 07       		.uleb128 0x7
 448 0299 00000000 		.4byte	.LASF56
 449 029d 05       		.byte	0x5
 450 029e 5E       		.byte	0x5e
 451 029f CE000000 		.4byte	0xce
 452 02a3 48       		.byte	0x48
 453 02a4 07       		.uleb128 0x7
 454 02a5 71020000 		.4byte	.LASF57
 455 02a9 05       		.byte	0x5
 456 02aa 5F       		.byte	0x5f
 457 02ab CE000000 		.4byte	0xce
 458 02af 4C       		.byte	0x4c
 459 02b0 07       		.uleb128 0x7
 460 02b1 DE090000 		.4byte	.LASF58
 461 02b5 05       		.byte	0x5
 462 02b6 60       		.byte	0x60
 463 02b7 A2000000 		.4byte	0xa2
 464 02bb 50       		.byte	0x50
 465 02bc 07       		.uleb128 0x7
 466 02bd 84010000 		.4byte	.LASF59
 467 02c1 05       		.byte	0x5
 468 02c2 61       		.byte	0x61
 469 02c3 A2000000 		.4byte	0xa2
 470 02c7 51       		.byte	0x51
 471 02c8 07       		.uleb128 0x7
 472 02c9 0F090000 		.4byte	.LASF60
 473 02cd 05       		.byte	0x5
 474 02ce 62       		.byte	0x62
 475 02cf A2000000 		.4byte	0xa2
 476 02d3 52       		.byte	0x52
 477 02d4 07       		.uleb128 0x7
 478 02d5 B4090000 		.4byte	.LASF61
 479 02d9 05       		.byte	0x5
 480 02da 63       		.byte	0x63
 481 02db A2000000 		.4byte	0xa2
 482 02df 53       		.byte	0x53
 483 02e0 07       		.uleb128 0x7
 484 02e1 3A070000 		.4byte	.LASF62
 485 02e5 05       		.byte	0x5
 486 02e6 64       		.byte	0x64
 487 02e7 A2000000 		.4byte	0xa2
 488 02eb 54       		.byte	0x54
 489 02ec 07       		.uleb128 0x7
 490 02ed 96010000 		.4byte	.LASF63
 491 02f1 05       		.byte	0x5
 492 02f2 65       		.byte	0x65
 493 02f3 A2000000 		.4byte	0xa2
 494 02f7 55       		.byte	0x55
 495 02f8 07       		.uleb128 0x7
 496 02f9 FF070000 		.4byte	.LASF64
 497 02fd 05       		.byte	0x5
 498 02fe 66       		.byte	0x66
 499 02ff A2000000 		.4byte	0xa2
 500 0303 56       		.byte	0x56
 501 0304 07       		.uleb128 0x7
 502 0305 F3030000 		.4byte	.LASF65
 503 0309 05       		.byte	0x5
ARM GAS  C:\Users\Lauriane\AppData\Local\Temp\ccgKj6AV.s 			page 13


 504 030a 67       		.byte	0x67
 505 030b A2000000 		.4byte	0xa2
 506 030f 57       		.byte	0x57
 507 0310 07       		.uleb128 0x7
 508 0311 24000000 		.4byte	.LASF66
 509 0315 05       		.byte	0x5
 510 0316 68       		.byte	0x68
 511 0317 A2000000 		.4byte	0xa2
 512 031b 58       		.byte	0x58
 513 031c 07       		.uleb128 0x7
 514 031d A1060000 		.4byte	.LASF67
 515 0321 05       		.byte	0x5
 516 0322 69       		.byte	0x69
 517 0323 A2000000 		.4byte	0xa2
 518 0327 59       		.byte	0x59
 519 0328 07       		.uleb128 0x7
 520 0329 E8040000 		.4byte	.LASF68
 521 032d 05       		.byte	0x5
 522 032e 6E       		.byte	0x6e
 523 032f B8000000 		.4byte	0xb8
 524 0333 5A       		.byte	0x5a
 525 0334 07       		.uleb128 0x7
 526 0335 91080000 		.4byte	.LASF69
 527 0339 05       		.byte	0x5
 528 033a 6F       		.byte	0x6f
 529 033b B8000000 		.4byte	0xb8
 530 033f 5C       		.byte	0x5c
 531 0340 07       		.uleb128 0x7
 532 0341 6D000000 		.4byte	.LASF70
 533 0345 05       		.byte	0x5
 534 0346 70       		.byte	0x70
 535 0347 A2000000 		.4byte	0xa2
 536 034b 5E       		.byte	0x5e
 537 034c 07       		.uleb128 0x7
 538 034d 5E060000 		.4byte	.LASF71
 539 0351 05       		.byte	0x5
 540 0352 71       		.byte	0x71
 541 0353 A2000000 		.4byte	0xa2
 542 0357 5F       		.byte	0x5f
 543 0358 07       		.uleb128 0x7
 544 0359 3A050000 		.4byte	.LASF72
 545 035d 05       		.byte	0x5
 546 035e 72       		.byte	0x72
 547 035f A2000000 		.4byte	0xa2
 548 0363 60       		.byte	0x60
 549 0364 07       		.uleb128 0x7
 550 0365 37060000 		.4byte	.LASF73
 551 0369 05       		.byte	0x5
 552 036a 73       		.byte	0x73
 553 036b CE000000 		.4byte	0xce
 554 036f 64       		.byte	0x64
 555 0370 07       		.uleb128 0x7
 556 0371 40010000 		.4byte	.LASF74
 557 0375 05       		.byte	0x5
 558 0376 76       		.byte	0x76
 559 0377 B8000000 		.4byte	0xb8
 560 037b 68       		.byte	0x68
ARM GAS  C:\Users\Lauriane\AppData\Local\Temp\ccgKj6AV.s 			page 14


 561 037c 07       		.uleb128 0x7
 562 037d B8030000 		.4byte	.LASF75
 563 0381 05       		.byte	0x5
 564 0382 77       		.byte	0x77
 565 0383 B8000000 		.4byte	0xb8
 566 0387 6A       		.byte	0x6a
 567 0388 07       		.uleb128 0x7
 568 0389 07040000 		.4byte	.LASF76
 569 038d 05       		.byte	0x5
 570 038e 78       		.byte	0x78
 571 038f B8000000 		.4byte	0xb8
 572 0393 6C       		.byte	0x6c
 573 0394 07       		.uleb128 0x7
 574 0395 55070000 		.4byte	.LASF77
 575 0399 05       		.byte	0x5
 576 039a 79       		.byte	0x79
 577 039b B8000000 		.4byte	0xb8
 578 039f 6E       		.byte	0x6e
 579 03a0 07       		.uleb128 0x7
 580 03a1 FE060000 		.4byte	.LASF78
 581 03a5 05       		.byte	0x5
 582 03a6 7B       		.byte	0x7b
 583 03a7 A2000000 		.4byte	0xa2
 584 03ab 70       		.byte	0x70
 585 03ac 07       		.uleb128 0x7
 586 03ad F5010000 		.4byte	.LASF79
 587 03b1 05       		.byte	0x5
 588 03b2 7C       		.byte	0x7c
 589 03b3 A2000000 		.4byte	0xa2
 590 03b7 71       		.byte	0x71
 591 03b8 07       		.uleb128 0x7
 592 03b9 4D030000 		.4byte	.LASF80
 593 03bd 05       		.byte	0x5
 594 03be 7D       		.byte	0x7d
 595 03bf A2000000 		.4byte	0xa2
 596 03c3 72       		.byte	0x72
 597 03c4 07       		.uleb128 0x7
 598 03c5 0B050000 		.4byte	.LASF81
 599 03c9 05       		.byte	0x5
 600 03ca 7E       		.byte	0x7e
 601 03cb A2000000 		.4byte	0xa2
 602 03cf 73       		.byte	0x73
 603 03d0 07       		.uleb128 0x7
 604 03d1 DA020000 		.4byte	.LASF82
 605 03d5 05       		.byte	0x5
 606 03d6 80       		.byte	0x80
 607 03d7 B8000000 		.4byte	0xb8
 608 03db 74       		.byte	0x74
 609 03dc 07       		.uleb128 0x7
 610 03dd 1E080000 		.4byte	.LASF83
 611 03e1 05       		.byte	0x5
 612 03e2 81       		.byte	0x81
 613 03e3 B8000000 		.4byte	0xb8
 614 03e7 76       		.byte	0x76
 615 03e8 07       		.uleb128 0x7
 616 03e9 A9020000 		.4byte	.LASF84
 617 03ed 05       		.byte	0x5
ARM GAS  C:\Users\Lauriane\AppData\Local\Temp\ccgKj6AV.s 			page 15


 618 03ee 82       		.byte	0x82
 619 03ef B8000000 		.4byte	0xb8
 620 03f3 78       		.byte	0x78
 621 03f4 07       		.uleb128 0x7
 622 03f5 C2060000 		.4byte	.LASF85
 623 03f9 05       		.byte	0x5
 624 03fa 83       		.byte	0x83
 625 03fb B8000000 		.4byte	0xb8
 626 03ff 7A       		.byte	0x7a
 627 0400 07       		.uleb128 0x7
 628 0401 51090000 		.4byte	.LASF86
 629 0405 05       		.byte	0x5
 630 0406 86       		.byte	0x86
 631 0407 A2000000 		.4byte	0xa2
 632 040b 7C       		.byte	0x7c
 633 040c 07       		.uleb128 0x7
 634 040d 2D040000 		.4byte	.LASF87
 635 0411 05       		.byte	0x5
 636 0412 87       		.byte	0x87
 637 0413 A2000000 		.4byte	0xa2
 638 0417 7D       		.byte	0x7d
 639 0418 07       		.uleb128 0x7
 640 0419 38000000 		.4byte	.LASF88
 641 041d 05       		.byte	0x5
 642 041e 88       		.byte	0x88
 643 041f A2000000 		.4byte	0xa2
 644 0423 7E       		.byte	0x7e
 645 0424 07       		.uleb128 0x7
 646 0425 EC020000 		.4byte	.LASF89
 647 0429 05       		.byte	0x5
 648 042a 89       		.byte	0x89
 649 042b A2000000 		.4byte	0xa2
 650 042f 7F       		.byte	0x7f
 651 0430 07       		.uleb128 0x7
 652 0431 82030000 		.4byte	.LASF90
 653 0435 05       		.byte	0x5
 654 0436 8A       		.byte	0x8a
 655 0437 A2000000 		.4byte	0xa2
 656 043b 80       		.byte	0x80
 657 043c 07       		.uleb128 0x7
 658 043d 95040000 		.4byte	.LASF91
 659 0441 05       		.byte	0x5
 660 0442 8D       		.byte	0x8d
 661 0443 CE000000 		.4byte	0xce
 662 0447 84       		.byte	0x84
 663 0448 07       		.uleb128 0x7
 664 0449 BC000000 		.4byte	.LASF92
 665 044d 05       		.byte	0x5
 666 044e 8E       		.byte	0x8e
 667 044f CE000000 		.4byte	0xce
 668 0453 88       		.byte	0x88
 669 0454 07       		.uleb128 0x7
 670 0455 3C090000 		.4byte	.LASF93
 671 0459 05       		.byte	0x5
 672 045a 8F       		.byte	0x8f
 673 045b CE000000 		.4byte	0xce
 674 045f 8C       		.byte	0x8c
ARM GAS  C:\Users\Lauriane\AppData\Local\Temp\ccgKj6AV.s 			page 16


 675 0460 07       		.uleb128 0x7
 676 0461 96030000 		.4byte	.LASF94
 677 0465 05       		.byte	0x5
 678 0466 90       		.byte	0x90
 679 0467 CE000000 		.4byte	0xce
 680 046b 90       		.byte	0x90
 681 046c 07       		.uleb128 0x7
 682 046d 63030000 		.4byte	.LASF95
 683 0471 05       		.byte	0x5
 684 0472 91       		.byte	0x91
 685 0473 CE000000 		.4byte	0xce
 686 0477 94       		.byte	0x94
 687 0478 07       		.uleb128 0x7
 688 0479 0A020000 		.4byte	.LASF96
 689 047d 05       		.byte	0x5
 690 047e 92       		.byte	0x92
 691 047f CE000000 		.4byte	0xce
 692 0483 98       		.byte	0x98
 693 0484 07       		.uleb128 0x7
 694 0485 76090000 		.4byte	.LASF97
 695 0489 05       		.byte	0x5
 696 048a 93       		.byte	0x93
 697 048b CE000000 		.4byte	0xce
 698 048f 9C       		.byte	0x9c
 699 0490 07       		.uleb128 0x7
 700 0491 50010000 		.4byte	.LASF98
 701 0495 05       		.byte	0x5
 702 0496 94       		.byte	0x94
 703 0497 CE000000 		.4byte	0xce
 704 049b A0       		.byte	0xa0
 705 049c 07       		.uleb128 0x7
 706 049d 2B020000 		.4byte	.LASF99
 707 04a1 05       		.byte	0x5
 708 04a2 95       		.byte	0x95
 709 04a3 B8000000 		.4byte	0xb8
 710 04a7 A4       		.byte	0xa4
 711 04a8 07       		.uleb128 0x7
 712 04a9 62070000 		.4byte	.LASF100
 713 04ad 05       		.byte	0x5
 714 04ae 96       		.byte	0x96
 715 04af B8000000 		.4byte	0xb8
 716 04b3 A6       		.byte	0xa6
 717 04b4 07       		.uleb128 0x7
 718 04b5 52060000 		.4byte	.LASF101
 719 04b9 05       		.byte	0x5
 720 04ba 97       		.byte	0x97
 721 04bb B8000000 		.4byte	0xb8
 722 04bf A8       		.byte	0xa8
 723 04c0 07       		.uleb128 0x7
 724 04c1 E9060000 		.4byte	.LASF102
 725 04c5 05       		.byte	0x5
 726 04c6 98       		.byte	0x98
 727 04c7 B8000000 		.4byte	0xb8
 728 04cb AA       		.byte	0xaa
 729 04cc 07       		.uleb128 0x7
 730 04cd 16040000 		.4byte	.LASF103
 731 04d1 05       		.byte	0x5
ARM GAS  C:\Users\Lauriane\AppData\Local\Temp\ccgKj6AV.s 			page 17


 732 04d2 99       		.byte	0x99
 733 04d3 B8000000 		.4byte	0xb8
 734 04d7 AC       		.byte	0xac
 735 04d8 07       		.uleb128 0x7
 736 04d9 85000000 		.4byte	.LASF104
 737 04dd 05       		.byte	0x5
 738 04de 9A       		.byte	0x9a
 739 04df B8000000 		.4byte	0xb8
 740 04e3 AE       		.byte	0xae
 741 04e4 07       		.uleb128 0x7
 742 04e5 A4080000 		.4byte	.LASF105
 743 04e9 05       		.byte	0x5
 744 04ea 9D       		.byte	0x9d
 745 04eb B8000000 		.4byte	0xb8
 746 04ef B0       		.byte	0xb0
 747 04f0 07       		.uleb128 0x7
 748 04f1 4B000000 		.4byte	.LASF106
 749 04f5 05       		.byte	0x5
 750 04f6 9E       		.byte	0x9e
 751 04f7 CE000000 		.4byte	0xce
 752 04fb B4       		.byte	0xb4
 753 04fc 00       		.byte	0
 754 04fd 03       		.uleb128 0x3
 755 04fe 4A040000 		.4byte	.LASF107
 756 0502 05       		.byte	0x5
 757 0503 9F       		.byte	0x9f
 758 0504 EC000000 		.4byte	0xec
 759 0508 02       		.uleb128 0x2
 760 0509 01       		.byte	0x1
 761 050a 08       		.byte	0x8
 762 050b 94070000 		.4byte	.LASF108
 763 050f 02       		.uleb128 0x2
 764 0510 04       		.byte	0x4
 765 0511 04       		.byte	0x4
 766 0512 31060000 		.4byte	.LASF109
 767 0516 02       		.uleb128 0x2
 768 0517 08       		.byte	0x8
 769 0518 04       		.byte	0x4
 770 0519 A2020000 		.4byte	.LASF110
 771 051d 08       		.uleb128 0x8
 772 051e 04       		.byte	0x4
 773 051f 02       		.uleb128 0x2
 774 0520 01       		.byte	0x1
 775 0521 02       		.byte	0x2
 776 0522 DF080000 		.4byte	.LASF111
 777 0526 09       		.uleb128 0x9
 778 0527 04       		.byte	0x4
 779 0528 2C050000 		.4byte	0x52c
 780 052c 0A       		.uleb128 0xa
 781 052d 37050000 		.4byte	0x537
 782 0531 0B       		.uleb128 0xb
 783 0532 CE000000 		.4byte	0xce
 784 0536 00       		.byte	0
 785 0537 0C       		.uleb128 0xc
 786 0538 40020000 		.4byte	.LASF112
 787 053c 06       		.byte	0x6
 788 053d F201     		.2byte	0x1f2
ARM GAS  C:\Users\Lauriane\AppData\Local\Temp\ccgKj6AV.s 			page 18


 789 053f 26050000 		.4byte	0x526
 790 0543 0D       		.uleb128 0xd
 791 0544 DE010000 		.4byte	.LASF123
 792 0548 24       		.byte	0x24
 793 0549 06       		.byte	0x6
 794 054a 7402     		.2byte	0x274
 795 054c C6050000 		.4byte	0x5c6
 796 0550 0E       		.uleb128 0xe
 797 0551 F7060000 		.4byte	.LASF113
 798 0555 06       		.byte	0x6
 799 0556 7702     		.2byte	0x277
 800 0558 E0000000 		.4byte	0xe0
 801 055c 00       		.byte	0
 802 055d 0E       		.uleb128 0xe
 803 055e D0080000 		.4byte	.LASF114
 804 0562 06       		.byte	0x6
 805 0563 7902     		.2byte	0x279
 806 0565 1D050000 		.4byte	0x51d
 807 0569 04       		.byte	0x4
 808 056a 0E       		.uleb128 0xe
 809 056b 1A000000 		.4byte	.LASF115
 810 056f 06       		.byte	0x6
 811 0570 7A02     		.2byte	0x27a
 812 0572 CE000000 		.4byte	0xce
 813 0576 08       		.byte	0x8
 814 0577 0E       		.uleb128 0xe
 815 0578 44030000 		.4byte	.LASF116
 816 057c 06       		.byte	0x6
 817 057d 7B02     		.2byte	0x27b
 818 057f E0000000 		.4byte	0xe0
 819 0583 0C       		.byte	0xc
 820 0584 0E       		.uleb128 0xe
 821 0585 7E010000 		.4byte	.LASF117
 822 0589 06       		.byte	0x6
 823 058a 7D02     		.2byte	0x27d
 824 058c 1D050000 		.4byte	0x51d
 825 0590 10       		.byte	0x10
 826 0591 0E       		.uleb128 0xe
 827 0592 78030000 		.4byte	.LASF118
 828 0596 06       		.byte	0x6
 829 0597 7E02     		.2byte	0x27e
 830 0599 CE000000 		.4byte	0xce
 831 059d 14       		.byte	0x14
 832 059e 0E       		.uleb128 0xe
 833 059f 12070000 		.4byte	.LASF119
 834 05a3 06       		.byte	0x6
 835 05a4 7F02     		.2byte	0x27f
 836 05a6 E0000000 		.4byte	0xe0
 837 05aa 18       		.byte	0x18
 838 05ab 0E       		.uleb128 0xe
 839 05ac 24040000 		.4byte	.LASF120
 840 05b0 06       		.byte	0x6
 841 05b1 8502     		.2byte	0x285
 842 05b3 37050000 		.4byte	0x537
 843 05b7 1C       		.byte	0x1c
 844 05b8 0E       		.uleb128 0xe
 845 05b9 C8080000 		.4byte	.LASF121
ARM GAS  C:\Users\Lauriane\AppData\Local\Temp\ccgKj6AV.s 			page 19


 846 05bd 06       		.byte	0x6
 847 05be 8802     		.2byte	0x288
 848 05c0 CE000000 		.4byte	0xce
 849 05c4 20       		.byte	0x20
 850 05c5 00       		.byte	0
 851 05c6 0C       		.uleb128 0xc
 852 05c7 5A040000 		.4byte	.LASF122
 853 05cb 06       		.byte	0x6
 854 05cc 8B02     		.2byte	0x28b
 855 05ce 43050000 		.4byte	0x543
 856 05d2 0F       		.uleb128 0xf
 857 05d3 C3040000 		.4byte	.LASF124
 858 05d7 4C       		.byte	0x4c
 859 05d8 07       		.byte	0x7
 860 05d9 2F       		.byte	0x2f
 861 05da C3060000 		.4byte	0x6c3
 862 05de 07       		.uleb128 0x7
 863 05df FA000000 		.4byte	.LASF125
 864 05e3 07       		.byte	0x7
 865 05e4 31       		.byte	0x31
 866 05e5 CE000000 		.4byte	0xce
 867 05e9 00       		.byte	0
 868 05ea 07       		.uleb128 0x7
 869 05eb 31010000 		.4byte	.LASF126
 870 05ef 07       		.byte	0x7
 871 05f0 33       		.byte	0x33
 872 05f1 CE000000 		.4byte	0xce
 873 05f5 04       		.byte	0x4
 874 05f6 07       		.uleb128 0x7
 875 05f7 12000000 		.4byte	.LASF127
 876 05fb 07       		.byte	0x7
 877 05fc 34       		.byte	0x34
 878 05fd CE000000 		.4byte	0xce
 879 0601 08       		.byte	0x8
 880 0602 07       		.uleb128 0x7
 881 0603 D3000000 		.4byte	.LASF128
 882 0607 07       		.byte	0x7
 883 0608 35       		.byte	0x35
 884 0609 CE000000 		.4byte	0xce
 885 060d 0C       		.byte	0xc
 886 060e 07       		.uleb128 0x7
 887 060f 1B070000 		.4byte	.LASF129
 888 0613 07       		.byte	0x7
 889 0614 37       		.byte	0x37
 890 0615 CE000000 		.4byte	0xce
 891 0619 10       		.byte	0x10
 892 061a 07       		.uleb128 0x7
 893 061b 77070000 		.4byte	.LASF130
 894 061f 07       		.byte	0x7
 895 0620 38       		.byte	0x38
 896 0621 CE000000 		.4byte	0xce
 897 0625 14       		.byte	0x14
 898 0626 07       		.uleb128 0x7
 899 0627 80070000 		.4byte	.LASF131
 900 062b 07       		.byte	0x7
 901 062c 39       		.byte	0x39
 902 062d CE000000 		.4byte	0xce
ARM GAS  C:\Users\Lauriane\AppData\Local\Temp\ccgKj6AV.s 			page 20


 903 0631 18       		.byte	0x18
 904 0632 07       		.uleb128 0x7
 905 0633 D7060000 		.4byte	.LASF132
 906 0637 07       		.byte	0x7
 907 0638 3A       		.byte	0x3a
 908 0639 1F050000 		.4byte	0x51f
 909 063d 1C       		.byte	0x1c
 910 063e 07       		.uleb128 0x7
 911 063f 61080000 		.4byte	.LASF133
 912 0643 07       		.byte	0x7
 913 0644 3C       		.byte	0x3c
 914 0645 CE000000 		.4byte	0xce
 915 0649 20       		.byte	0x20
 916 064a 07       		.uleb128 0x7
 917 064b C9020000 		.4byte	.LASF134
 918 064f 07       		.byte	0x7
 919 0650 3D       		.byte	0x3d
 920 0651 CE000000 		.4byte	0xce
 921 0655 24       		.byte	0x24
 922 0656 07       		.uleb128 0x7
 923 0657 0D010000 		.4byte	.LASF135
 924 065b 07       		.byte	0x7
 925 065c 3F       		.byte	0x3f
 926 065d CE000000 		.4byte	0xce
 927 0661 28       		.byte	0x28
 928 0662 07       		.uleb128 0x7
 929 0663 66090000 		.4byte	.LASF136
 930 0667 07       		.byte	0x7
 931 0668 40       		.byte	0x40
 932 0669 CE000000 		.4byte	0xce
 933 066d 2C       		.byte	0x2c
 934 066e 07       		.uleb128 0x7
 935 066f 72080000 		.4byte	.LASF137
 936 0673 07       		.byte	0x7
 937 0674 42       		.byte	0x42
 938 0675 CE000000 		.4byte	0xce
 939 0679 30       		.byte	0x30
 940 067a 07       		.uleb128 0x7
 941 067b 7C060000 		.4byte	.LASF138
 942 067f 07       		.byte	0x7
 943 0680 43       		.byte	0x43
 944 0681 CE000000 		.4byte	0xce
 945 0685 34       		.byte	0x34
 946 0686 07       		.uleb128 0x7
 947 0687 FF090000 		.4byte	.LASF139
 948 068b 07       		.byte	0x7
 949 068c 45       		.byte	0x45
 950 068d CE000000 		.4byte	0xce
 951 0691 38       		.byte	0x38
 952 0692 07       		.uleb128 0x7
 953 0693 E2000000 		.4byte	.LASF140
 954 0697 07       		.byte	0x7
 955 0698 46       		.byte	0x46
 956 0699 CE000000 		.4byte	0xce
 957 069d 3C       		.byte	0x3c
 958 069e 07       		.uleb128 0x7
 959 069f 9A080000 		.4byte	.LASF141
ARM GAS  C:\Users\Lauriane\AppData\Local\Temp\ccgKj6AV.s 			page 21


 960 06a3 07       		.byte	0x7
 961 06a4 48       		.byte	0x48
 962 06a5 CE000000 		.4byte	0xce
 963 06a9 40       		.byte	0x40
 964 06aa 07       		.uleb128 0x7
 965 06ab 86040000 		.4byte	.LASF142
 966 06af 07       		.byte	0x7
 967 06b0 49       		.byte	0x49
 968 06b1 CE000000 		.4byte	0xce
 969 06b5 44       		.byte	0x44
 970 06b6 07       		.uleb128 0x7
 971 06b7 89070000 		.4byte	.LASF143
 972 06bb 07       		.byte	0x7
 973 06bc 4B       		.byte	0x4b
 974 06bd CE000000 		.4byte	0xce
 975 06c1 48       		.byte	0x48
 976 06c2 00       		.byte	0
 977 06c3 03       		.uleb128 0x3
 978 06c4 C0010000 		.4byte	.LASF144
 979 06c8 07       		.byte	0x7
 980 06c9 4C       		.byte	0x4c
 981 06ca D2050000 		.4byte	0x5d2
 982 06ce 10       		.uleb128 0x10
 983 06cf 71050000 		.4byte	.LASF157
 984 06d3 02       		.byte	0x2
 985 06d4 81       		.byte	0x81
 986 06d5 03       		.byte	0x3
 987 06d6 11       		.uleb128 0x11
 988 06d7 AF090000 		.4byte	.LASF158
 989 06db 01       		.byte	0x1
 990 06dc 1F       		.byte	0x1f
 991 06dd 94000000 		.4byte	0x94
 992 06e1 00000000 		.4byte	.LFB561
 993 06e5 54000000 		.4byte	.LFE561-.LFB561
 994 06e9 01       		.uleb128 0x1
 995 06ea 9C       		.byte	0x9c
 996 06eb 87070000 		.4byte	0x787
 997 06ef 12       		.uleb128 0x12
 998 06f0 CE060000 		.4byte	0x6ce
 999 06f4 04000000 		.4byte	.LBB4
 1000 06f8 02000000 		.4byte	.LBE4-.LBB4
 1001 06fc 01       		.byte	0x1
 1002 06fd 22       		.byte	0x22
 1003 06fe 13       		.uleb128 0x13
 1004 06ff 0A000000 		.4byte	.LVL0
 1005 0703 C9070000 		.4byte	0x7c9
 1006 0707 13       		.uleb128 0x13
 1007 0708 0E000000 		.4byte	.LVL1
 1008 070c D4070000 		.4byte	0x7d4
 1009 0710 14       		.uleb128 0x14
 1010 0711 24000000 		.4byte	.LVL2
 1011 0715 DF070000 		.4byte	0x7df
 1012 0719 42070000 		.4byte	0x742
 1013 071d 15       		.uleb128 0x15
 1014 071e 01       		.uleb128 0x1
 1015 071f 51       		.byte	0x51
 1016 0720 05       		.uleb128 0x5
ARM GAS  C:\Users\Lauriane\AppData\Local\Temp\ccgKj6AV.s 			page 22


 1017 0721 03       		.byte	0x3
 1018 0722 00000000 		.4byte	.LC0
 1019 0726 15       		.uleb128 0x15
 1020 0727 01       		.uleb128 0x1
 1021 0728 52       		.byte	0x52
 1022 0729 03       		.uleb128 0x3
 1023 072a 0A       		.byte	0xa
 1024 072b 9001     		.2byte	0x190
 1025 072d 15       		.uleb128 0x15
 1026 072e 01       		.uleb128 0x1
 1027 072f 53       		.byte	0x53
 1028 0730 02       		.uleb128 0x2
 1029 0731 74       		.byte	0x74
 1030 0732 00       		.sleb128 0
 1031 0733 15       		.uleb128 0x15
 1032 0734 02       		.uleb128 0x2
 1033 0735 7D       		.byte	0x7d
 1034 0736 00       		.sleb128 0
 1035 0737 02       		.uleb128 0x2
 1036 0738 75       		.byte	0x75
 1037 0739 00       		.sleb128 0
 1038 073a 15       		.uleb128 0x15
 1039 073b 02       		.uleb128 0x2
 1040 073c 7D       		.byte	0x7d
 1041 073d 04       		.sleb128 4
 1042 073e 02       		.uleb128 0x2
 1043 073f 74       		.byte	0x74
 1044 0740 00       		.sleb128 0
 1045 0741 00       		.byte	0
 1046 0742 14       		.uleb128 0x14
 1047 0743 36000000 		.4byte	.LVL3
 1048 0747 DF070000 		.4byte	0x7df
 1049 074b 74070000 		.4byte	0x774
 1050 074f 15       		.uleb128 0x15
 1051 0750 01       		.uleb128 0x1
 1052 0751 51       		.byte	0x51
 1053 0752 05       		.uleb128 0x5
 1054 0753 03       		.byte	0x3
 1055 0754 10000000 		.4byte	.LC1
 1056 0758 15       		.uleb128 0x15
 1057 0759 01       		.uleb128 0x1
 1058 075a 52       		.byte	0x52
 1059 075b 03       		.uleb128 0x3
 1060 075c 0A       		.byte	0xa
 1061 075d 9001     		.2byte	0x190
 1062 075f 15       		.uleb128 0x15
 1063 0760 01       		.uleb128 0x1
 1064 0761 53       		.byte	0x53
 1065 0762 02       		.uleb128 0x2
 1066 0763 74       		.byte	0x74
 1067 0764 00       		.sleb128 0
 1068 0765 15       		.uleb128 0x15
 1069 0766 02       		.uleb128 0x2
 1070 0767 7D       		.byte	0x7d
 1071 0768 00       		.sleb128 0
 1072 0769 02       		.uleb128 0x2
 1073 076a 75       		.byte	0x75
ARM GAS  C:\Users\Lauriane\AppData\Local\Temp\ccgKj6AV.s 			page 23


 1074 076b 00       		.sleb128 0
 1075 076c 15       		.uleb128 0x15
 1076 076d 02       		.uleb128 0x2
 1077 076e 7D       		.byte	0x7d
 1078 076f 04       		.sleb128 4
 1079 0770 02       		.uleb128 0x2
 1080 0771 74       		.byte	0x74
 1081 0772 00       		.sleb128 0
 1082 0773 00       		.byte	0
 1083 0774 13       		.uleb128 0x13
 1084 0775 3A000000 		.4byte	.LVL4
 1085 0779 EB070000 		.4byte	0x7eb
 1086 077d 13       		.uleb128 0x13
 1087 077e 3E000000 		.4byte	.LVL5
 1088 0782 F7070000 		.4byte	0x7f7
 1089 0786 00       		.byte	0
 1090 0787 16       		.uleb128 0x16
 1091 0788 B5060000 		.4byte	.LASF145
 1092 078c 08       		.byte	0x8
 1093 078d F907     		.2byte	0x7f9
 1094 078f 93070000 		.4byte	0x793
 1095 0793 05       		.uleb128 0x5
 1096 0794 C3000000 		.4byte	0xc3
 1097 0798 17       		.uleb128 0x17
 1098 0799 48060000 		.4byte	.LASF146
 1099 079d 05       		.byte	0x5
 1100 079e A7       		.byte	0xa7
 1101 079f A3070000 		.4byte	0x7a3
 1102 07a3 09       		.uleb128 0x9
 1103 07a4 04       		.byte	0x4
 1104 07a5 A9070000 		.4byte	0x7a9
 1105 07a9 18       		.uleb128 0x18
 1106 07aa FD040000 		.4byte	0x4fd
 1107 07ae 17       		.uleb128 0x17
 1108 07af E5080000 		.4byte	.LASF147
 1109 07b3 09       		.byte	0x9
 1110 07b4 5E       		.byte	0x5e
 1111 07b5 C6050000 		.4byte	0x5c6
 1112 07b9 17       		.uleb128 0x17
 1113 07ba 27090000 		.4byte	.LASF148
 1114 07be 0A       		.byte	0xa
 1115 07bf 1F       		.byte	0x1f
 1116 07c0 C4070000 		.4byte	0x7c4
 1117 07c4 18       		.uleb128 0x18
 1118 07c5 C3060000 		.4byte	0x6c3
 1119 07c9 19       		.uleb128 0x19
 1120 07ca 52080000 		.4byte	.LASF149
 1121 07ce 52080000 		.4byte	.LASF149
 1122 07d2 0B       		.byte	0xb
 1123 07d3 3A       		.byte	0x3a
 1124 07d4 19       		.uleb128 0x19
 1125 07d5 66010000 		.4byte	.LASF150
 1126 07d9 66010000 		.4byte	.LASF150
 1127 07dd 0C       		.byte	0xc
 1128 07de 55       		.byte	0x55
 1129 07df 1A       		.uleb128 0x1a
 1130 07e0 FF040000 		.4byte	.LASF151
ARM GAS  C:\Users\Lauriane\AppData\Local\Temp\ccgKj6AV.s 			page 24


 1131 07e4 FF040000 		.4byte	.LASF151
 1132 07e8 0D       		.byte	0xd
 1133 07e9 4101     		.2byte	0x141
 1134 07eb 1A       		.uleb128 0x1a
 1135 07ec 26030000 		.4byte	.LASF152
 1136 07f0 26030000 		.4byte	.LASF152
 1137 07f4 0D       		.byte	0xd
 1138 07f5 8E04     		.2byte	0x48e
 1139 07f7 19       		.uleb128 0x19
 1140 07f8 EF090000 		.4byte	.LASF153
 1141 07fc EF090000 		.4byte	.LASF153
 1142 0800 0C       		.byte	0xc
 1143 0801 56       		.byte	0x56
 1144 0802 00       		.byte	0
 1145              		.section	.debug_abbrev,"",%progbits
 1146              	.Ldebug_abbrev0:
 1147 0000 01       		.uleb128 0x1
 1148 0001 11       		.uleb128 0x11
 1149 0002 01       		.byte	0x1
 1150 0003 25       		.uleb128 0x25
 1151 0004 0E       		.uleb128 0xe
 1152 0005 13       		.uleb128 0x13
 1153 0006 0B       		.uleb128 0xb
 1154 0007 03       		.uleb128 0x3
 1155 0008 0E       		.uleb128 0xe
 1156 0009 1B       		.uleb128 0x1b
 1157 000a 0E       		.uleb128 0xe
 1158 000b 55       		.uleb128 0x55
 1159 000c 17       		.uleb128 0x17
 1160 000d 11       		.uleb128 0x11
 1161 000e 01       		.uleb128 0x1
 1162 000f 10       		.uleb128 0x10
 1163 0010 17       		.uleb128 0x17
 1164 0011 00       		.byte	0
 1165 0012 00       		.byte	0
 1166 0013 02       		.uleb128 0x2
 1167 0014 24       		.uleb128 0x24
 1168 0015 00       		.byte	0
 1169 0016 0B       		.uleb128 0xb
 1170 0017 0B       		.uleb128 0xb
 1171 0018 3E       		.uleb128 0x3e
 1172 0019 0B       		.uleb128 0xb
 1173 001a 03       		.uleb128 0x3
 1174 001b 0E       		.uleb128 0xe
 1175 001c 00       		.byte	0
 1176 001d 00       		.byte	0
 1177 001e 03       		.uleb128 0x3
 1178 001f 16       		.uleb128 0x16
 1179 0020 00       		.byte	0
 1180 0021 03       		.uleb128 0x3
 1181 0022 0E       		.uleb128 0xe
 1182 0023 3A       		.uleb128 0x3a
 1183 0024 0B       		.uleb128 0xb
 1184 0025 3B       		.uleb128 0x3b
 1185 0026 0B       		.uleb128 0xb
 1186 0027 49       		.uleb128 0x49
 1187 0028 13       		.uleb128 0x13
ARM GAS  C:\Users\Lauriane\AppData\Local\Temp\ccgKj6AV.s 			page 25


 1188 0029 00       		.byte	0
 1189 002a 00       		.byte	0
 1190 002b 04       		.uleb128 0x4
 1191 002c 24       		.uleb128 0x24
 1192 002d 00       		.byte	0
 1193 002e 0B       		.uleb128 0xb
 1194 002f 0B       		.uleb128 0xb
 1195 0030 3E       		.uleb128 0x3e
 1196 0031 0B       		.uleb128 0xb
 1197 0032 03       		.uleb128 0x3
 1198 0033 08       		.uleb128 0x8
 1199 0034 00       		.byte	0
 1200 0035 00       		.byte	0
 1201 0036 05       		.uleb128 0x5
 1202 0037 35       		.uleb128 0x35
 1203 0038 00       		.byte	0
 1204 0039 49       		.uleb128 0x49
 1205 003a 13       		.uleb128 0x13
 1206 003b 00       		.byte	0
 1207 003c 00       		.byte	0
 1208 003d 06       		.uleb128 0x6
 1209 003e 13       		.uleb128 0x13
 1210 003f 01       		.byte	0x1
 1211 0040 0B       		.uleb128 0xb
 1212 0041 0B       		.uleb128 0xb
 1213 0042 3A       		.uleb128 0x3a
 1214 0043 0B       		.uleb128 0xb
 1215 0044 3B       		.uleb128 0x3b
 1216 0045 0B       		.uleb128 0xb
 1217 0046 01       		.uleb128 0x1
 1218 0047 13       		.uleb128 0x13
 1219 0048 00       		.byte	0
 1220 0049 00       		.byte	0
 1221 004a 07       		.uleb128 0x7
 1222 004b 0D       		.uleb128 0xd
 1223 004c 00       		.byte	0
 1224 004d 03       		.uleb128 0x3
 1225 004e 0E       		.uleb128 0xe
 1226 004f 3A       		.uleb128 0x3a
 1227 0050 0B       		.uleb128 0xb
 1228 0051 3B       		.uleb128 0x3b
 1229 0052 0B       		.uleb128 0xb
 1230 0053 49       		.uleb128 0x49
 1231 0054 13       		.uleb128 0x13
 1232 0055 38       		.uleb128 0x38
 1233 0056 0B       		.uleb128 0xb
 1234 0057 00       		.byte	0
 1235 0058 00       		.byte	0
 1236 0059 08       		.uleb128 0x8
 1237 005a 0F       		.uleb128 0xf
 1238 005b 00       		.byte	0
 1239 005c 0B       		.uleb128 0xb
 1240 005d 0B       		.uleb128 0xb
 1241 005e 00       		.byte	0
 1242 005f 00       		.byte	0
 1243 0060 09       		.uleb128 0x9
 1244 0061 0F       		.uleb128 0xf
ARM GAS  C:\Users\Lauriane\AppData\Local\Temp\ccgKj6AV.s 			page 26


 1245 0062 00       		.byte	0
 1246 0063 0B       		.uleb128 0xb
 1247 0064 0B       		.uleb128 0xb
 1248 0065 49       		.uleb128 0x49
 1249 0066 13       		.uleb128 0x13
 1250 0067 00       		.byte	0
 1251 0068 00       		.byte	0
 1252 0069 0A       		.uleb128 0xa
 1253 006a 15       		.uleb128 0x15
 1254 006b 01       		.byte	0x1
 1255 006c 27       		.uleb128 0x27
 1256 006d 19       		.uleb128 0x19
 1257 006e 01       		.uleb128 0x1
 1258 006f 13       		.uleb128 0x13
 1259 0070 00       		.byte	0
 1260 0071 00       		.byte	0
 1261 0072 0B       		.uleb128 0xb
 1262 0073 05       		.uleb128 0x5
 1263 0074 00       		.byte	0
 1264 0075 49       		.uleb128 0x49
 1265 0076 13       		.uleb128 0x13
 1266 0077 00       		.byte	0
 1267 0078 00       		.byte	0
 1268 0079 0C       		.uleb128 0xc
 1269 007a 16       		.uleb128 0x16
 1270 007b 00       		.byte	0
 1271 007c 03       		.uleb128 0x3
 1272 007d 0E       		.uleb128 0xe
 1273 007e 3A       		.uleb128 0x3a
 1274 007f 0B       		.uleb128 0xb
 1275 0080 3B       		.uleb128 0x3b
 1276 0081 05       		.uleb128 0x5
 1277 0082 49       		.uleb128 0x49
 1278 0083 13       		.uleb128 0x13
 1279 0084 00       		.byte	0
 1280 0085 00       		.byte	0
 1281 0086 0D       		.uleb128 0xd
 1282 0087 13       		.uleb128 0x13
 1283 0088 01       		.byte	0x1
 1284 0089 03       		.uleb128 0x3
 1285 008a 0E       		.uleb128 0xe
 1286 008b 0B       		.uleb128 0xb
 1287 008c 0B       		.uleb128 0xb
 1288 008d 3A       		.uleb128 0x3a
 1289 008e 0B       		.uleb128 0xb
 1290 008f 3B       		.uleb128 0x3b
 1291 0090 05       		.uleb128 0x5
 1292 0091 01       		.uleb128 0x1
 1293 0092 13       		.uleb128 0x13
 1294 0093 00       		.byte	0
 1295 0094 00       		.byte	0
 1296 0095 0E       		.uleb128 0xe
 1297 0096 0D       		.uleb128 0xd
 1298 0097 00       		.byte	0
 1299 0098 03       		.uleb128 0x3
 1300 0099 0E       		.uleb128 0xe
 1301 009a 3A       		.uleb128 0x3a
ARM GAS  C:\Users\Lauriane\AppData\Local\Temp\ccgKj6AV.s 			page 27


 1302 009b 0B       		.uleb128 0xb
 1303 009c 3B       		.uleb128 0x3b
 1304 009d 05       		.uleb128 0x5
 1305 009e 49       		.uleb128 0x49
 1306 009f 13       		.uleb128 0x13
 1307 00a0 38       		.uleb128 0x38
 1308 00a1 0B       		.uleb128 0xb
 1309 00a2 00       		.byte	0
 1310 00a3 00       		.byte	0
 1311 00a4 0F       		.uleb128 0xf
 1312 00a5 13       		.uleb128 0x13
 1313 00a6 01       		.byte	0x1
 1314 00a7 03       		.uleb128 0x3
 1315 00a8 0E       		.uleb128 0xe
 1316 00a9 0B       		.uleb128 0xb
 1317 00aa 0B       		.uleb128 0xb
 1318 00ab 3A       		.uleb128 0x3a
 1319 00ac 0B       		.uleb128 0xb
 1320 00ad 3B       		.uleb128 0x3b
 1321 00ae 0B       		.uleb128 0xb
 1322 00af 01       		.uleb128 0x1
 1323 00b0 13       		.uleb128 0x13
 1324 00b1 00       		.byte	0
 1325 00b2 00       		.byte	0
 1326 00b3 10       		.uleb128 0x10
 1327 00b4 2E       		.uleb128 0x2e
 1328 00b5 00       		.byte	0
 1329 00b6 03       		.uleb128 0x3
 1330 00b7 0E       		.uleb128 0xe
 1331 00b8 3A       		.uleb128 0x3a
 1332 00b9 0B       		.uleb128 0xb
 1333 00ba 3B       		.uleb128 0x3b
 1334 00bb 0B       		.uleb128 0xb
 1335 00bc 27       		.uleb128 0x27
 1336 00bd 19       		.uleb128 0x19
 1337 00be 20       		.uleb128 0x20
 1338 00bf 0B       		.uleb128 0xb
 1339 00c0 00       		.byte	0
 1340 00c1 00       		.byte	0
 1341 00c2 11       		.uleb128 0x11
 1342 00c3 2E       		.uleb128 0x2e
 1343 00c4 01       		.byte	0x1
 1344 00c5 3F       		.uleb128 0x3f
 1345 00c6 19       		.uleb128 0x19
 1346 00c7 03       		.uleb128 0x3
 1347 00c8 0E       		.uleb128 0xe
 1348 00c9 3A       		.uleb128 0x3a
 1349 00ca 0B       		.uleb128 0xb
 1350 00cb 3B       		.uleb128 0x3b
 1351 00cc 0B       		.uleb128 0xb
 1352 00cd 27       		.uleb128 0x27
 1353 00ce 19       		.uleb128 0x19
 1354 00cf 49       		.uleb128 0x49
 1355 00d0 13       		.uleb128 0x13
 1356 00d1 8701     		.uleb128 0x87
 1357 00d3 19       		.uleb128 0x19
 1358 00d4 11       		.uleb128 0x11
ARM GAS  C:\Users\Lauriane\AppData\Local\Temp\ccgKj6AV.s 			page 28


 1359 00d5 01       		.uleb128 0x1
 1360 00d6 12       		.uleb128 0x12
 1361 00d7 06       		.uleb128 0x6
 1362 00d8 40       		.uleb128 0x40
 1363 00d9 18       		.uleb128 0x18
 1364 00da 9742     		.uleb128 0x2117
 1365 00dc 19       		.uleb128 0x19
 1366 00dd 01       		.uleb128 0x1
 1367 00de 13       		.uleb128 0x13
 1368 00df 00       		.byte	0
 1369 00e0 00       		.byte	0
 1370 00e1 12       		.uleb128 0x12
 1371 00e2 1D       		.uleb128 0x1d
 1372 00e3 00       		.byte	0
 1373 00e4 31       		.uleb128 0x31
 1374 00e5 13       		.uleb128 0x13
 1375 00e6 11       		.uleb128 0x11
 1376 00e7 01       		.uleb128 0x1
 1377 00e8 12       		.uleb128 0x12
 1378 00e9 06       		.uleb128 0x6
 1379 00ea 58       		.uleb128 0x58
 1380 00eb 0B       		.uleb128 0xb
 1381 00ec 59       		.uleb128 0x59
 1382 00ed 0B       		.uleb128 0xb
 1383 00ee 00       		.byte	0
 1384 00ef 00       		.byte	0
 1385 00f0 13       		.uleb128 0x13
 1386 00f1 898201   		.uleb128 0x4109
 1387 00f4 00       		.byte	0
 1388 00f5 11       		.uleb128 0x11
 1389 00f6 01       		.uleb128 0x1
 1390 00f7 31       		.uleb128 0x31
 1391 00f8 13       		.uleb128 0x13
 1392 00f9 00       		.byte	0
 1393 00fa 00       		.byte	0
 1394 00fb 14       		.uleb128 0x14
 1395 00fc 898201   		.uleb128 0x4109
 1396 00ff 01       		.byte	0x1
 1397 0100 11       		.uleb128 0x11
 1398 0101 01       		.uleb128 0x1
 1399 0102 31       		.uleb128 0x31
 1400 0103 13       		.uleb128 0x13
 1401 0104 01       		.uleb128 0x1
 1402 0105 13       		.uleb128 0x13
 1403 0106 00       		.byte	0
 1404 0107 00       		.byte	0
 1405 0108 15       		.uleb128 0x15
 1406 0109 8A8201   		.uleb128 0x410a
 1407 010c 00       		.byte	0
 1408 010d 02       		.uleb128 0x2
 1409 010e 18       		.uleb128 0x18
 1410 010f 9142     		.uleb128 0x2111
 1411 0111 18       		.uleb128 0x18
 1412 0112 00       		.byte	0
 1413 0113 00       		.byte	0
 1414 0114 16       		.uleb128 0x16
 1415 0115 34       		.uleb128 0x34
ARM GAS  C:\Users\Lauriane\AppData\Local\Temp\ccgKj6AV.s 			page 29


 1416 0116 00       		.byte	0
 1417 0117 03       		.uleb128 0x3
 1418 0118 0E       		.uleb128 0xe
 1419 0119 3A       		.uleb128 0x3a
 1420 011a 0B       		.uleb128 0xb
 1421 011b 3B       		.uleb128 0x3b
 1422 011c 05       		.uleb128 0x5
 1423 011d 49       		.uleb128 0x49
 1424 011e 13       		.uleb128 0x13
 1425 011f 3F       		.uleb128 0x3f
 1426 0120 19       		.uleb128 0x19
 1427 0121 3C       		.uleb128 0x3c
 1428 0122 19       		.uleb128 0x19
 1429 0123 00       		.byte	0
 1430 0124 00       		.byte	0
 1431 0125 17       		.uleb128 0x17
 1432 0126 34       		.uleb128 0x34
 1433 0127 00       		.byte	0
 1434 0128 03       		.uleb128 0x3
 1435 0129 0E       		.uleb128 0xe
 1436 012a 3A       		.uleb128 0x3a
 1437 012b 0B       		.uleb128 0xb
 1438 012c 3B       		.uleb128 0x3b
 1439 012d 0B       		.uleb128 0xb
 1440 012e 49       		.uleb128 0x49
 1441 012f 13       		.uleb128 0x13
 1442 0130 3F       		.uleb128 0x3f
 1443 0131 19       		.uleb128 0x19
 1444 0132 3C       		.uleb128 0x3c
 1445 0133 19       		.uleb128 0x19
 1446 0134 00       		.byte	0
 1447 0135 00       		.byte	0
 1448 0136 18       		.uleb128 0x18
 1449 0137 26       		.uleb128 0x26
 1450 0138 00       		.byte	0
 1451 0139 49       		.uleb128 0x49
 1452 013a 13       		.uleb128 0x13
 1453 013b 00       		.byte	0
 1454 013c 00       		.byte	0
 1455 013d 19       		.uleb128 0x19
 1456 013e 2E       		.uleb128 0x2e
 1457 013f 00       		.byte	0
 1458 0140 3F       		.uleb128 0x3f
 1459 0141 19       		.uleb128 0x19
 1460 0142 3C       		.uleb128 0x3c
 1461 0143 19       		.uleb128 0x19
 1462 0144 6E       		.uleb128 0x6e
 1463 0145 0E       		.uleb128 0xe
 1464 0146 03       		.uleb128 0x3
 1465 0147 0E       		.uleb128 0xe
 1466 0148 3A       		.uleb128 0x3a
 1467 0149 0B       		.uleb128 0xb
 1468 014a 3B       		.uleb128 0x3b
 1469 014b 0B       		.uleb128 0xb
 1470 014c 00       		.byte	0
 1471 014d 00       		.byte	0
 1472 014e 1A       		.uleb128 0x1a
ARM GAS  C:\Users\Lauriane\AppData\Local\Temp\ccgKj6AV.s 			page 30


 1473 014f 2E       		.uleb128 0x2e
 1474 0150 00       		.byte	0
 1475 0151 3F       		.uleb128 0x3f
 1476 0152 19       		.uleb128 0x19
 1477 0153 3C       		.uleb128 0x3c
 1478 0154 19       		.uleb128 0x19
 1479 0155 6E       		.uleb128 0x6e
 1480 0156 0E       		.uleb128 0xe
 1481 0157 03       		.uleb128 0x3
 1482 0158 0E       		.uleb128 0xe
 1483 0159 3A       		.uleb128 0x3a
 1484 015a 0B       		.uleb128 0xb
 1485 015b 3B       		.uleb128 0x3b
 1486 015c 05       		.uleb128 0x5
 1487 015d 00       		.byte	0
 1488 015e 00       		.byte	0
 1489 015f 00       		.byte	0
 1490              		.section	.debug_aranges,"",%progbits
 1491 0000 1C000000 		.4byte	0x1c
 1492 0004 0200     		.2byte	0x2
 1493 0006 00000000 		.4byte	.Ldebug_info0
 1494 000a 04       		.byte	0x4
 1495 000b 00       		.byte	0
 1496 000c 0000     		.2byte	0
 1497 000e 0000     		.2byte	0
 1498 0010 00000000 		.4byte	.LFB561
 1499 0014 54000000 		.4byte	.LFE561-.LFB561
 1500 0018 00000000 		.4byte	0
 1501 001c 00000000 		.4byte	0
 1502              		.section	.debug_ranges,"",%progbits
 1503              	.Ldebug_ranges0:
 1504 0000 00000000 		.4byte	.LFB561
 1505 0004 54000000 		.4byte	.LFE561
 1506 0008 00000000 		.4byte	0
 1507 000c 00000000 		.4byte	0
 1508              		.section	.debug_line,"",%progbits
 1509              	.Ldebug_line0:
 1510 0000 0F030000 		.section	.debug_str,"MS",%progbits,1
 1510      0200E502 
 1510      00000201 
 1510      FB0E0D00 
 1510      01010101 
 1511              	.LASF56:
 1512 0000 70726F74 		.ascii	"protBusMasterMask\000"
 1512      4275734D 
 1512      61737465 
 1512      724D6173 
 1512      6B00
 1513              	.LASF127:
 1514 0012 72756E4D 		.ascii	"runMode\000"
 1514      6F646500 
 1515              	.LASF115:
 1516 001a 72784275 		.ascii	"rxBufSize\000"
 1516      6653697A 
 1516      6500
 1517              	.LASF66:
 1518 0024 666C6173 		.ascii	"flashCtlMainWs3Freq\000"
ARM GAS  C:\Users\Lauriane\AppData\Local\Temp\ccgKj6AV.s 			page 31


 1518      6843746C 
 1518      4D61696E 
 1518      57733346 
 1518      72657100 
 1519              	.LASF88:
 1520 0038 6770696F 		.ascii	"gpioPrtCfgInOffset\000"
 1520      50727443 
 1520      6667496E 
 1520      4F666673 
 1520      657400
 1521              	.LASF106:
 1522 004b 6970634C 		.ascii	"ipcLockStatusOffset\000"
 1522      6F636B53 
 1522      74617475 
 1522      734F6666 
 1522      73657400 
 1523              	.LASF32:
 1524 005f 63727970 		.ascii	"cryptoVersion\000"
 1524      746F5665 
 1524      7273696F 
 1524      6E00
 1525              	.LASF70:
 1526 006d 64774368 		.ascii	"dwChCtlPrioPos\000"
 1526      43746C50 
 1526      72696F50 
 1526      6F7300
 1527              	.LASF28:
 1528 007c 70617373 		.ascii	"passBase\000"
 1528      42617365 
 1528      00
 1529              	.LASF104:
 1530 0085 63707573 		.ascii	"cpussRam2Ctl0\000"
 1530      7352616D 
 1530      3243746C 
 1530      3000
 1531              	.LASF41:
 1532 0093 63707573 		.ascii	"cpussIpcIrqNr\000"
 1532      73497063 
 1532      4972714E 
 1532      7200
 1533              	.LASF3:
 1534 00a1 5F5F7569 		.ascii	"__uint8_t\000"
 1534      6E74385F 
 1534      7400
 1535              	.LASF43:
 1536 00ab 63707573 		.ascii	"cpussFlashPaSize\000"
 1536      73466C61 
 1536      73685061 
 1536      53697A65 
 1536      00
 1537              	.LASF92:
 1538 00bc 63707573 		.ascii	"cpussCm4ClockCtlOffset\000"
 1538      73436D34 
 1538      436C6F63 
 1538      6B43746C 
 1538      4F666673 
 1539              	.LASF128:
ARM GAS  C:\Users\Lauriane\AppData\Local\Temp\ccgKj6AV.s 			page 32


 1540 00d3 636F756E 		.ascii	"countDirection\000"
 1540      74446972 
 1540      65637469 
 1540      6F6E00
 1541              	.LASF140:
 1542 00e2 73746F70 		.ascii	"stopInputMode\000"
 1542      496E7075 
 1542      744D6F64 
 1542      6500
 1543              	.LASF21:
 1544 00f0 63707573 		.ascii	"cpussBase\000"
 1544      73426173 
 1544      6500
 1545              	.LASF125:
 1546 00fa 70657269 		.ascii	"period\000"
 1546      6F6400
 1547              	.LASF50:
 1548 0101 70657269 		.ascii	"periClockNr\000"
 1548      436C6F63 
 1548      6B4E7200 
 1549              	.LASF135:
 1550 010d 63617074 		.ascii	"captureInput\000"
 1550      75726549 
 1550      6E707574 
 1550      00
 1551              	.LASF12:
 1552 011a 6C6F6E67 		.ascii	"long long unsigned int\000"
 1552      206C6F6E 
 1552      6720756E 
 1552      7369676E 
 1552      65642069 
 1553              	.LASF126:
 1554 0131 636C6F63 		.ascii	"clockPrescaler\000"
 1554      6B507265 
 1554      7363616C 
 1554      657200
 1555              	.LASF74:
 1556 0140 70657269 		.ascii	"periTrCmdOffset\000"
 1556      5472436D 
 1556      644F6666 
 1556      73657400 
 1557              	.LASF98:
 1558 0150 63707573 		.ascii	"cpussSysTickCtlOffset\000"
 1558      73537973 
 1558      5469636B 
 1558      43746C4F 
 1558      66667365 
 1559              	.LASF150:
 1560 0166 43617053 		.ascii	"CapSense_ScanAllWidgets\000"
 1560      656E7365 
 1560      5F536361 
 1560      6E416C6C 
 1560      57696467 
 1561              	.LASF117:
 1562 017e 74784275 		.ascii	"txBuf\000"
 1562      6600
 1563              	.LASF59:
ARM GAS  C:\Users\Lauriane\AppData\Local\Temp\ccgKj6AV.s 			page 33


 1564 0184 666C6173 		.ascii	"flashPipeRequired\000"
 1564      68506970 
 1564      65526571 
 1564      75697265 
 1564      6400
 1565              	.LASF63:
 1566 0196 666C6173 		.ascii	"flashCtlMainWs0Freq\000"
 1566      6843746C 
 1566      4D61696E 
 1566      57733046 
 1566      72657100 
 1567              	.LASF15:
 1568 01aa 696E7431 		.ascii	"int16_t\000"
 1568      365F7400 
 1569              	.LASF11:
 1570 01b2 6C6F6E67 		.ascii	"long long int\000"
 1570      206C6F6E 
 1570      6720696E 
 1570      7400
 1571              	.LASF144:
 1572 01c0 63795F73 		.ascii	"cy_stc_tcpwm_counter_config_t\000"
 1572      74635F74 
 1572      6370776D 
 1572      5F636F75 
 1572      6E746572 
 1573              	.LASF123:
 1574 01de 63795F73 		.ascii	"cy_stc_scb_spi_context\000"
 1574      74635F73 
 1574      63625F73 
 1574      70695F63 
 1574      6F6E7465 
 1575              	.LASF79:
 1576 01f5 70657269 		.ascii	"periDivCmdTypeSelPos\000"
 1576      44697643 
 1576      6D645479 
 1576      70655365 
 1576      6C506F73 
 1577              	.LASF96:
 1578 020a 63707573 		.ascii	"cpussTrimRamCtlOffset\000"
 1578      73547269 
 1578      6D52616D 
 1578      43746C4F 
 1578      66667365 
 1579              	.LASF37:
 1580 0220 69706356 		.ascii	"ipcVersion\000"
 1580      65727369 
 1580      6F6E00
 1581              	.LASF99:
 1582 022b 63707573 		.ascii	"cpussCm0NmiCtlOffset\000"
 1582      73436D30 
 1582      4E6D6943 
 1582      746C4F66 
 1582      66736574 
 1583              	.LASF112:
 1584 0240 63795F63 		.ascii	"cy_cb_scb_spi_handle_events_t\000"
 1584      625F7363 
 1584      625F7370 
ARM GAS  C:\Users\Lauriane\AppData\Local\Temp\ccgKj6AV.s 			page 34


 1584      695F6861 
 1584      6E646C65 
 1585              	.LASF26:
 1586 025e 6873696F 		.ascii	"hsiomBase\000"
 1586      6D426173 
 1586      6500
 1587              	.LASF8:
 1588 0268 6C6F6E67 		.ascii	"long int\000"
 1588      20696E74 
 1588      00
 1589              	.LASF57:
 1590 0271 63727970 		.ascii	"cryptoMemSize\000"
 1590      746F4D65 
 1590      6D53697A 
 1590      6500
 1591              	.LASF23:
 1592 027f 70657269 		.ascii	"periBase\000"
 1592      42617365 
 1592      00
 1593              	.LASF55:
 1594 0288 73797350 		.ascii	"sysPmSimoPresent\000"
 1594      6D53696D 
 1594      6F507265 
 1594      73656E74 
 1594      00
 1595              	.LASF16:
 1596 0299 75696E74 		.ascii	"uint16_t\000"
 1596      31365F74 
 1596      00
 1597              	.LASF110:
 1598 02a2 646F7562 		.ascii	"double\000"
 1598      6C6500
 1599              	.LASF84:
 1600 02a9 70657269 		.ascii	"periDiv16_5CtlOffset\000"
 1600      44697631 
 1600      365F3543 
 1600      746C4F66 
 1600      66736574 
 1601              	.LASF48:
 1602 02be 73727373 		.ascii	"srssNumPll\000"
 1602      4E756D50 
 1602      6C6C00
 1603              	.LASF134:
 1604 02c9 63617074 		.ascii	"captureInputMode\000"
 1604      75726549 
 1604      6E707574 
 1604      4D6F6465 
 1604      00
 1605              	.LASF82:
 1606 02da 70657269 		.ascii	"periDiv8CtlOffset\000"
 1606      44697638 
 1606      43746C4F 
 1606      66667365 
 1606      7400
 1607              	.LASF89:
 1608 02ec 6770696F 		.ascii	"gpioPrtCfgOutOffset\000"
 1608      50727443 
ARM GAS  C:\Users\Lauriane\AppData\Local\Temp\ccgKj6AV.s 			page 35


 1608      66674F75 
 1608      744F6666 
 1608      73657400 
 1609              	.LASF22:
 1610 0300 666C6173 		.ascii	"flashcBase\000"
 1610      68634261 
 1610      736500
 1611              	.LASF9:
 1612 030b 5F5F7569 		.ascii	"__uint32_t\000"
 1612      6E743332 
 1612      5F7400
 1613              	.LASF52:
 1614 0316 70617373 		.ascii	"passSarChannels\000"
 1614      53617243 
 1614      68616E6E 
 1614      656C7300 
 1615              	.LASF152:
 1616 0326 76546173 		.ascii	"vTaskStartScheduler\000"
 1616      6B537461 
 1616      72745363 
 1616      68656475 
 1616      6C657200 
 1617              	.LASF4:
 1618 033a 5F5F696E 		.ascii	"__int16_t\000"
 1618      7431365F 
 1618      7400
 1619              	.LASF116:
 1620 0344 72784275 		.ascii	"rxBufIdx\000"
 1620      66496478 
 1620      00
 1621              	.LASF80:
 1622 034d 70657269 		.ascii	"periDivCmdPaDivSelPos\000"
 1622      44697643 
 1622      6D645061 
 1622      44697653 
 1622      656C506F 
 1623              	.LASF95:
 1624 0363 63707573 		.ascii	"cpussCm4PwrCtlOffset\000"
 1624      73436D34 
 1624      50777243 
 1624      746C4F66 
 1624      66736574 
 1625              	.LASF118:
 1626 0378 74784275 		.ascii	"txBufSize\000"
 1626      6653697A 
 1626      6500
 1627              	.LASF90:
 1628 0382 6770696F 		.ascii	"gpioPrtCfgSioOffset\000"
 1628      50727443 
 1628      66675369 
 1628      6F4F6666 
 1628      73657400 
 1629              	.LASF94:
 1630 0396 63707573 		.ascii	"cpussCm0StatusOffset\000"
 1630      73436D30 
 1630      53746174 
 1630      75734F66 
ARM GAS  C:\Users\Lauriane\AppData\Local\Temp\ccgKj6AV.s 			page 36


 1630      66736574 
 1631              	.LASF13:
 1632 03ab 756E7369 		.ascii	"unsigned int\000"
 1632      676E6564 
 1632      20696E74 
 1632      00
 1633              	.LASF75:
 1634 03b8 70657269 		.ascii	"periTrCmdGrSelMsk\000"
 1634      5472436D 
 1634      64477253 
 1634      656C4D73 
 1634      6B00
 1635              	.LASF10:
 1636 03ca 6C6F6E67 		.ascii	"long unsigned int\000"
 1636      20756E73 
 1636      69676E65 
 1636      6420696E 
 1636      7400
 1637              	.LASF40:
 1638 03dc 63707573 		.ascii	"cpussIpcNr\000"
 1638      73497063 
 1638      4E7200
 1639              	.LASF42:
 1640 03e7 63707573 		.ascii	"cpussDwChNr\000"
 1640      73447743 
 1640      684E7200 
 1641              	.LASF65:
 1642 03f3 666C6173 		.ascii	"flashCtlMainWs2Freq\000"
 1642      6843746C 
 1642      4D61696E 
 1642      57733246 
 1642      72657100 
 1643              	.LASF76:
 1644 0407 70657269 		.ascii	"periTrGrOffset\000"
 1644      54724772 
 1644      4F666673 
 1644      657400
 1645              	.LASF103:
 1646 0416 63707573 		.ascii	"cpussRam1Ctl0\000"
 1646      7352616D 
 1646      3143746C 
 1646      3000
 1647              	.LASF120:
 1648 0424 63624576 		.ascii	"cbEvents\000"
 1648      656E7473 
 1648      00
 1649              	.LASF87:
 1650 042d 6770696F 		.ascii	"gpioPrtCfgOffset\000"
 1650      50727443 
 1650      66674F66 
 1650      66736574 
 1650      00
 1651              	.LASF35:
 1652 043e 6770696F 		.ascii	"gpioVersion\000"
 1652      56657273 
 1652      696F6E00 
 1653              	.LASF107:
ARM GAS  C:\Users\Lauriane\AppData\Local\Temp\ccgKj6AV.s 			page 37


 1654 044a 63795F73 		.ascii	"cy_stc_device_t\000"
 1654      74635F64 
 1654      65766963 
 1654      655F7400 
 1655              	.LASF122:
 1656 045a 63795F73 		.ascii	"cy_stc_scb_spi_context_t\000"
 1656      74635F73 
 1656      63625F73 
 1656      70695F63 
 1656      6F6E7465 
 1657              	.LASF0:
 1658 0473 73686F72 		.ascii	"short int\000"
 1658      7420696E 
 1658      7400
 1659              	.LASF25:
 1660 047d 70726F74 		.ascii	"protBase\000"
 1660      42617365 
 1660      00
 1661              	.LASF142:
 1662 0486 636F756E 		.ascii	"countInputMode\000"
 1662      74496E70 
 1662      75744D6F 
 1662      646500
 1663              	.LASF91:
 1664 0495 63707573 		.ascii	"cpussCm0ClockCtlOffset\000"
 1664      73436D30 
 1664      436C6F63 
 1664      6B43746C 
 1664      4F666673 
 1665              	.LASF30:
 1666 04ac 63727970 		.ascii	"cryptoBase\000"
 1666      746F4261 
 1666      736500
 1667              	.LASF38:
 1668 04b7 70657269 		.ascii	"periVersion\000"
 1668      56657273 
 1668      696F6E00 
 1669              	.LASF124:
 1670 04c3 63795F73 		.ascii	"cy_stc_tcpwm_counter_config\000"
 1670      74635F74 
 1670      6370776D 
 1670      5F636F75 
 1670      6E746572 
 1671              	.LASF19:
 1672 04df 73697A65 		.ascii	"sizetype\000"
 1672      74797065 
 1672      00
 1673              	.LASF68:
 1674 04e8 64774368 		.ascii	"dwChOffset\000"
 1674      4F666673 
 1674      657400
 1675              	.LASF20:
 1676 04f3 6C6F6E67 		.ascii	"long double\000"
 1676      20646F75 
 1676      626C6500 
 1677              	.LASF151:
 1678 04ff 78546173 		.ascii	"xTaskCreate\000"
ARM GAS  C:\Users\Lauriane\AppData\Local\Temp\ccgKj6AV.s 			page 38


 1678      6B437265 
 1678      61746500 
 1679              	.LASF81:
 1680 050b 70657269 		.ascii	"periDivCmdPaTypeSelPos\000"
 1680      44697643 
 1680      6D645061 
 1680      54797065 
 1680      53656C50 
 1681              	.LASF53:
 1682 0522 65704D6F 		.ascii	"epMonitorNr\000"
 1682      6E69746F 
 1682      724E7200 
 1683              	.LASF39:
 1684 052e 70726F74 		.ascii	"protVersion\000"
 1684      56657273 
 1684      696F6E00 
 1685              	.LASF72:
 1686 053a 64775374 		.ascii	"dwStatusChIdxPos\000"
 1686      61747573 
 1686      43684964 
 1686      78506F73 
 1686      00
 1687              	.LASF54:
 1688 054b 75646250 		.ascii	"udbPresent\000"
 1688      72657365 
 1688      6E7400
 1689              	.LASF34:
 1690 0556 666C6173 		.ascii	"flashcVersion\000"
 1690      68635665 
 1690      7273696F 
 1690      6E00
 1691              	.LASF51:
 1692 0564 736D6966 		.ascii	"smifDeviceNr\000"
 1692      44657669 
 1692      63654E72 
 1692      00
 1693              	.LASF157:
 1694 0571 5F5F656E 		.ascii	"__enable_irq\000"
 1694      61626C65 
 1694      5F697271 
 1694      00
 1695              	.LASF154:
 1696 057e 474E5520 		.ascii	"GNU C11 5.4.1 20160609 (release) [ARM/embedded-5-br"
 1696      43313120 
 1696      352E342E 
 1696      31203230 
 1696      31363036 
 1697 05b1 616E6368 		.ascii	"anch revision 237715] -mcpu=cortex-m4 -mfloat-abi=s"
 1697      20726576 
 1697      6973696F 
 1697      6E203233 
 1697      37373135 
 1698 05e4 6F667466 		.ascii	"oftfp -mfpu=fpv4-sp-d16 -mthumb -g -Og -ffunction-s"
 1698      70202D6D 
 1698      6670753D 
 1698      66707634 
 1698      2D73702D 
ARM GAS  C:\Users\Lauriane\AppData\Local\Temp\ccgKj6AV.s 			page 39


 1699 0617 65637469 		.ascii	"ections -ffat-lto-objects\000"
 1699      6F6E7320 
 1699      2D666661 
 1699      742D6C74 
 1699      6F2D6F62 
 1700              	.LASF109:
 1701 0631 666C6F61 		.ascii	"float\000"
 1701      7400
 1702              	.LASF73:
 1703 0637 64775374 		.ascii	"dwStatusChIdxMsk\000"
 1703      61747573 
 1703      43684964 
 1703      784D736B 
 1703      00
 1704              	.LASF146:
 1705 0648 63795F64 		.ascii	"cy_device\000"
 1705      65766963 
 1705      6500
 1706              	.LASF101:
 1707 0652 63707573 		.ascii	"cpussRomCtl\000"
 1707      73526F6D 
 1707      43746C00 
 1708              	.LASF71:
 1709 065e 64774368 		.ascii	"dwChCtlPreemptablePos\000"
 1709      43746C50 
 1709      7265656D 
 1709      70746162 
 1709      6C65506F 
 1710              	.LASF24:
 1711 0674 75646242 		.ascii	"udbBase\000"
 1711      61736500 
 1712              	.LASF138:
 1713 067c 73746172 		.ascii	"startInputMode\000"
 1713      74496E70 
 1713      75744D6F 
 1713      646500
 1714              	.LASF17:
 1715 068b 696E7433 		.ascii	"int32_t\000"
 1715      325F7400 
 1716              	.LASF2:
 1717 0693 756E7369 		.ascii	"unsigned char\000"
 1717      676E6564 
 1717      20636861 
 1717      7200
 1718              	.LASF67:
 1719 06a1 666C6173 		.ascii	"flashCtlMainWs4Freq\000"
 1719      6843746C 
 1719      4D61696E 
 1719      57733446 
 1719      72657100 
 1720              	.LASF145:
 1721 06b5 49544D5F 		.ascii	"ITM_RxBuffer\000"
 1721      52784275 
 1721      66666572 
 1721      00
 1722              	.LASF85:
 1723 06c2 70657269 		.ascii	"periDiv24_5CtlOffset\000"
ARM GAS  C:\Users\Lauriane\AppData\Local\Temp\ccgKj6AV.s 			page 40


 1723      44697632 
 1723      345F3543 
 1723      746C4F66 
 1723      66736574 
 1724              	.LASF132:
 1725 06d7 656E6162 		.ascii	"enableCompareSwap\000"
 1725      6C65436F 
 1725      6D706172 
 1725      65537761 
 1725      7000
 1726              	.LASF102:
 1727 06e9 63707573 		.ascii	"cpussRam0Ctl0\000"
 1727      7352616D 
 1727      3043746C 
 1727      3000
 1728              	.LASF113:
 1729 06f7 73746174 		.ascii	"status\000"
 1729      757300
 1730              	.LASF78:
 1731 06fe 70657269 		.ascii	"periDivCmdDivSelMsk\000"
 1731      44697643 
 1731      6D644469 
 1731      7653656C 
 1731      4D736B00 
 1732              	.LASF119:
 1733 0712 74784275 		.ascii	"txBufIdx\000"
 1733      66496478 
 1733      00
 1734              	.LASF129:
 1735 071b 636F6D70 		.ascii	"compareOrCapture\000"
 1735      6172654F 
 1735      72436170 
 1735      74757265 
 1735      00
 1736              	.LASF49:
 1737 072c 73727373 		.ascii	"srssNumHfroot\000"
 1737      4E756D48 
 1737      66726F6F 
 1737      7400
 1738              	.LASF62:
 1739 073a 666C6173 		.ascii	"flashEraseDelay\000"
 1739      68457261 
 1739      73654465 
 1739      6C617900 
 1740              	.LASF45:
 1741 074a 63707573 		.ascii	"cpussFmIrq\000"
 1741      73466D49 
 1741      727100
 1742              	.LASF77:
 1743 0755 70657269 		.ascii	"periTrGrSize\000"
 1743      54724772 
 1743      53697A65 
 1743      00
 1744              	.LASF100:
 1745 0762 63707573 		.ascii	"cpussCm4NmiCtlOffset\000"
 1745      73436D34 
 1745      4E6D6943 
ARM GAS  C:\Users\Lauriane\AppData\Local\Temp\ccgKj6AV.s 			page 41


 1745      746C4F66 
 1745      66736574 
 1746              	.LASF130:
 1747 0777 636F6D70 		.ascii	"compare0\000"
 1747      61726530 
 1747      00
 1748              	.LASF131:
 1749 0780 636F6D70 		.ascii	"compare1\000"
 1749      61726531 
 1749      00
 1750              	.LASF143:
 1751 0789 636F756E 		.ascii	"countInput\000"
 1751      74496E70 
 1751      757400
 1752              	.LASF108:
 1753 0794 63686172 		.ascii	"char\000"
 1753      00
 1754              	.LASF156:
 1755 0799 433A5C55 		.ascii	"C:\\Users\\Lauriane\\Desktop\\Poly\\H2021\\GBM2100\\"
 1755      73657273 
 1755      5C4C6175 
 1755      7269616E 
 1755      655C4465 
 1756 07c6 50726F6A 		.ascii	"Projet2\\Laboratoire3(nouvelleVersion)\\Laboratoire"
 1756      6574325C 
 1756      4C61626F 
 1756      7261746F 
 1756      69726533 
 1757 07f7 332E6379 		.ascii	"3.cydsn\000"
 1757      64736E00 
 1758              	.LASF64:
 1759 07ff 666C6173 		.ascii	"flashCtlMainWs1Freq\000"
 1759      6843746C 
 1759      4D61696E 
 1759      57733146 
 1759      72657100 
 1760              	.LASF5:
 1761 0813 5F5F7569 		.ascii	"__uint16_t\000"
 1761      6E743136 
 1761      5F7400
 1762              	.LASF83:
 1763 081e 70657269 		.ascii	"periDiv16CtlOffset\000"
 1763      44697631 
 1763      3643746C 
 1763      4F666673 
 1763      657400
 1764              	.LASF7:
 1765 0831 5F5F696E 		.ascii	"__int32_t\000"
 1765      7433325F 
 1765      7400
 1766              	.LASF33:
 1767 083b 64775665 		.ascii	"dwVersion\000"
 1767      7273696F 
 1767      6E00
 1768              	.LASF36:
 1769 0845 6873696F 		.ascii	"hsiomVersion\000"
 1769      6D566572 
ARM GAS  C:\Users\Lauriane\AppData\Local\Temp\ccgKj6AV.s 			page 42


 1769      73696F6E 
 1769      00
 1770              	.LASF149:
 1771 0852 43617053 		.ascii	"CapSense_Start\000"
 1771      656E7365 
 1771      5F537461 
 1771      727400
 1772              	.LASF133:
 1773 0861 696E7465 		.ascii	"interruptSources\000"
 1773      72727570 
 1773      74536F75 
 1773      72636573 
 1773      00
 1774              	.LASF137:
 1775 0872 72656C6F 		.ascii	"reloadInput\000"
 1775      6164496E 
 1775      70757400 
 1776              	.LASF6:
 1777 087e 73686F72 		.ascii	"short unsigned int\000"
 1777      7420756E 
 1777      7369676E 
 1777      65642069 
 1777      6E7400
 1778              	.LASF69:
 1779 0891 64774368 		.ascii	"dwChSize\000"
 1779      53697A65 
 1779      00
 1780              	.LASF141:
 1781 089a 73746F70 		.ascii	"stopInput\000"
 1781      496E7075 
 1781      7400
 1782              	.LASF105:
 1783 08a4 69706353 		.ascii	"ipcStructSize\000"
 1783      74727563 
 1783      7453697A 
 1783      6500
 1784              	.LASF44:
 1785 08b2 63707573 		.ascii	"cpussIpc0Irq\000"
 1785      73497063 
 1785      30497271 
 1785      00
 1786              	.LASF27:
 1787 08bf 6770696F 		.ascii	"gpioBase\000"
 1787      42617365 
 1787      00
 1788              	.LASF121:
 1789 08c8 696E6974 		.ascii	"initKey\000"
 1789      4B657900 
 1790              	.LASF114:
 1791 08d0 72784275 		.ascii	"rxBuf\000"
 1791      6600
 1792              	.LASF18:
 1793 08d6 75696E74 		.ascii	"uint32_t\000"
 1793      33325F74 
 1793      00
 1794              	.LASF111:
 1795 08df 5F426F6F 		.ascii	"_Bool\000"
ARM GAS  C:\Users\Lauriane\AppData\Local\Temp\ccgKj6AV.s 			page 43


 1795      6C00
 1796              	.LASF147:
 1797 08e5 43595F45 		.ascii	"CY_EINK_SPIM_context\000"
 1797      494E4B5F 
 1797      5350494D 
 1797      5F636F6E 
 1797      74657874 
 1798              	.LASF46:
 1799 08fa 63707573 		.ascii	"cpussNotConnectedIrq\000"
 1799      734E6F74 
 1799      436F6E6E 
 1799      65637465 
 1799      64497271 
 1800              	.LASF60:
 1801 090f 666C6173 		.ascii	"flashWriteDelay\000"
 1801      68577269 
 1801      74654465 
 1801      6C617900 
 1802              	.LASF14:
 1803 091f 75696E74 		.ascii	"uint8_t\000"
 1803      385F7400 
 1804              	.LASF148:
 1805 0927 43595F45 		.ascii	"CY_EINK_Timer_config\000"
 1805      494E4B5F 
 1805      54696D65 
 1805      725F636F 
 1805      6E666967 
 1806              	.LASF93:
 1807 093c 63707573 		.ascii	"cpussCm4StatusOffset\000"
 1807      73436D34 
 1807      53746174 
 1807      75734F66 
 1807      66736574 
 1808              	.LASF86:
 1809 0951 6770696F 		.ascii	"gpioPrtIntrCfgOffset\000"
 1809      50727449 
 1809      6E747243 
 1809      66674F66 
 1809      66736574 
 1810              	.LASF136:
 1811 0966 72656C6F 		.ascii	"reloadInputMode\000"
 1811      6164496E 
 1811      7075744D 
 1811      6F646500 
 1812              	.LASF97:
 1813 0976 63707573 		.ascii	"cpussTrimRomCtlOffset\000"
 1813      73547269 
 1813      6D526F6D 
 1813      43746C4F 
 1813      66667365 
 1814              	.LASF47:
 1815 098c 73727373 		.ascii	"srssNumClkpath\000"
 1815      4E756D43 
 1815      6C6B7061 
 1815      746800
 1816              	.LASF1:
 1817 099b 7369676E 		.ascii	"signed char\000"
ARM GAS  C:\Users\Lauriane\AppData\Local\Temp\ccgKj6AV.s 			page 44


 1817      65642063 
 1817      68617200 
 1818              	.LASF29:
 1819 09a7 69706342 		.ascii	"ipcBase\000"
 1819      61736500 
 1820              	.LASF158:
 1821 09af 6D61696E 		.ascii	"main\000"
 1821      00
 1822              	.LASF61:
 1823 09b4 666C6173 		.ascii	"flashProgramDelay\000"
 1823      6850726F 
 1823      6772616D 
 1823      44656C61 
 1823      7900
 1824              	.LASF155:
 1825 09c6 6D61696E 		.ascii	"main_cm4.c\000"
 1825      5F636D34 
 1825      2E6300
 1826              	.LASF31:
 1827 09d1 63707573 		.ascii	"cpussVersion\000"
 1827      73566572 
 1827      73696F6E 
 1827      00
 1828              	.LASF58:
 1829 09de 666C6173 		.ascii	"flashRwwRequired\000"
 1829      68527777 
 1829      52657175 
 1829      69726564 
 1829      00
 1830              	.LASF153:
 1831 09ef 43617053 		.ascii	"CapSense_IsBusy\000"
 1831      656E7365 
 1831      5F497342 
 1831      75737900 
 1832              	.LASF139:
 1833 09ff 73746172 		.ascii	"startInput\000"
 1833      74496E70 
 1833      757400
 1834              		.ident	"GCC: (GNU Tools for ARM Embedded Processors) 5.4.1 20160609 (release) [ARM/embedded-5-bran
